{"type":"operationStart","subtype":"profile","data":{"_id":"lkooPKvSgvgKiVnI","timestamp":"2024-06-27T10:31:19.193Z","state":"queued","mode":"standard","creationDate":"2024-06-27T10:31:19.195Z","modificationDate":"2024-06-27T10:31:19.195Z","shortid":"q1Frwq1","$entitySet":"profiles"},"doDiffs":false,"timestamp":1719484279194,"id":"cmqzcs3ugrzpwkx","previousOperationId":null,"operationId":"mt93bhjsf0ikdm7"}
{"type":"log","level":"info","message":"Render request 2 queued for execution and waiting for available worker","previousOperationId":"mt93bhjsf0ikdm7","timestamp":1719484279195,"id":"0pwh42ny69riq6x"}
{"type":"operationStart","subtype":"render","name":"orders-main","previousOperationId":"mt93bhjsf0ikdm7","timestamp":1719484279203,"id":"9bikeuhm38gixm9","previousEventId":"cmqzcs3ugrzpwkx","operationId":"ke0ipp8pexmc238"}
{"type":"log","timestamp":1719484279204,"level":"info","message":"Starting rendering request 2","meta":{"rootId":"j9175ngj4zfctty","id":"j9175ngj4zfctty"},"id":"c1o1m8xx9znbynu","previousOperationId":"ke0ipp8pexmc238"}
{"type":"log","timestamp":1719484279205,"level":"info","message":"Rendering template { name: orders-main, recipe: chrome-pdf, engine: handlebars, preview: true }","meta":{"rootId":"j9175ngj4zfctty","id":"j9175ngj4zfctty"},"id":"d981zpeu338pcus","previousOperationId":"ke0ipp8pexmc238"}
{"type":"log","timestamp":1719484279206,"level":"debug","message":"Data item not defined for this template.","meta":{"rootId":"j9175ngj4zfctty","id":"j9175ngj4zfctty"},"id":"krwpheygtaaad63","previousOperationId":"ke0ipp8pexmc238"}
{"type":"log","timestamp":1719484279209,"level":"debug","message":"Executing script orders-script (beforeRender)","meta":{"rootId":"j9175ngj4zfctty","id":"j9175ngj4zfctty"},"id":"vwz6fmlgq1w50pm","previousOperationId":"ke0ipp8pexmc238"}
{"type":"operationStart","subtype":"scriptsBeforeRender","name":"scripts beforeRender","timestamp":1719484279365,"id":"r9x6wmrsmwk07kh","previousEventId":"9bikeuhm38gixm9","operationId":"nl425535nqhj82t","previousOperationId":"ke0ipp8pexmc238"}
{"type":"operationStart","subtype":"script","name":"scripts orders-script","previousOperationId":"nl425535nqhj82t","timestamp":1719484279365,"id":"4p783dmsj249mkw","previousEventId":"r9x6wmrsmwk07kh","operationId":"9e957wudhzjc32w"}
{"type":"operationEnd","operationId":"9e957wudhzjc32w","timestamp":1719484280880,"id":"1095b4kiryyisos","previousEventId":"9bikeuhm38gixm9","previousOperationId":"ke0ipp8pexmc238"}
{"type":"operationEnd","operationId":"nl425535nqhj82t","timestamp":1719484280880,"id":"qitxbjhzc6byzkw","previousEventId":"1095b4kiryyisos","previousOperationId":"ke0ipp8pexmc238"}
{"type":"log","timestamp":1719484280880,"level":"debug","message":"Base url not specified, skipping its injection.","meta":{"rootId":"j9175ngj4zfctty","id":"j9175ngj4zfctty"},"id":"0kbx1ciba08znwn","previousOperationId":"nl425535nqhj82t"}
{"type":"operationStart","subtype":"engine","name":"handlebars","timestamp":1719484280881,"id":"qdwh1wts75pi6jz","previousEventId":"qitxbjhzc6byzkw","operationId":"iglu8yeue3wcfmb","previousOperationId":"nl425535nqhj82t"}
{"type":"log","timestamp":1719484280881,"level":"debug","message":"Rendering engine handlebars","meta":{"rootId":"j9175ngj4zfctty","id":"j9175ngj4zfctty"},"id":"f5m10fjfsn6zym7","previousOperationId":"iglu8yeue3wcfmb"}
{"type":"log","timestamp":1719484281059,"level":"debug","message":"(console:log) Pdf utils adding group field, value: \"France\"","meta":{"userLevel":true,"rootId":"j9175ngj4zfctty","id":"j9175ngj4zfctty"},"id":"8qrr76eltn77qj6","previousOperationId":"iglu8yeue3wcfmb"}
{"type":"log","timestamp":1719484281060,"level":"debug","message":"(console:log) Pdf utils adding group field, value: \"Germany\"","meta":{"userLevel":true,"rootId":"j9175ngj4zfctty","id":"j9175ngj4zfctty"},"id":"7gog99ckysf7vox","previousOperationId":"iglu8yeue3wcfmb"}
{"type":"operationEnd","operationId":"iglu8yeue3wcfmb","timestamp":1719484281060,"id":"3g3ydc39qzyikn5","previousEventId":"qdwh1wts75pi6jz","previousOperationId":"iglu8yeue3wcfmb"}
{"type":"operationStart","subtype":"recipe","name":"chrome-pdf","timestamp":1719484281061,"id":"pngycrjsgif3a0k","previousEventId":"3g3ydc39qzyikn5","operationId":"c0izrucfl9zhd3m","previousOperationId":"iglu8yeue3wcfmb"}
{"type":"log","timestamp":1719484281061,"level":"debug","message":"Executing recipe chrome-pdf","meta":{"rootId":"j9175ngj4zfctty","id":"j9175ngj4zfctty"},"id":"v8imahi50kzyx8e","previousOperationId":"c0izrucfl9zhd3m"}
{"type":"log","timestamp":1719484281847,"level":"debug","message":"Converting with chrome Chrome/126.0.6478.61 using chrome-pool strategy","meta":{"rootId":"j9175ngj4zfctty","id":"j9175ngj4zfctty"},"id":"xj5j9cd7874boeg","previousOperationId":"c0izrucfl9zhd3m"}
{"type":"log","timestamp":1719484281912,"level":"debug","message":"Page request: GET (document) file:///var/folders/80/zy9xv081381fz4dbkcnzjvk80000gn/T/jsreport/autocleanup/4022be46-6adf-461e-9cb0-48cd1da0c932-chrome-pdf.html","meta":{"rootId":"j9175ngj4zfctty","id":"j9175ngj4zfctty"},"id":"xols69i73ompixo","previousOperationId":"c0izrucfl9zhd3m"}
{"type":"log","timestamp":1719484281924,"level":"debug","message":"Page request finished: GET (document) 200 file:///var/folders/80/zy9xv081381fz4dbkcnzjvk80000gn/T/jsreport/autocleanup/4022be46-6adf-461e-9cb0-48cd1da0c932-chrome-pdf.html","meta":{"rootId":"j9175ngj4zfctty","id":"j9175ngj4zfctty"},"id":"hsq8yxybld44hym","previousOperationId":"c0izrucfl9zhd3m"}
{"type":"log","timestamp":1719484281925,"level":"debug","message":"Page request: GET (stylesheet) https://cdnjs.cloudflare.com/ajax/libs/metro/4.1.5/css/metro.min.css","meta":{"rootId":"j9175ngj4zfctty","id":"j9175ngj4zfctty"},"id":"ppnimxqqfk71l8w","previousOperationId":"c0izrucfl9zhd3m"}
{"type":"log","timestamp":1719484281926,"level":"debug","message":"Page request: GET (script) https://cdnjs.cloudflare.com/ajax/libs/Chart.js/2.7.2/Chart.min.js","meta":{"rootId":"j9175ngj4zfctty","id":"j9175ngj4zfctty"},"id":"00i2rr5054g9m8y","previousOperationId":"c0izrucfl9zhd3m"}
{"type":"log","timestamp":1719484282137,"level":"debug","message":"Page request finished: GET (script) 200 https://cdnjs.cloudflare.com/ajax/libs/Chart.js/2.7.2/Chart.min.js","meta":{"rootId":"j9175ngj4zfctty","id":"j9175ngj4zfctty"},"id":"fan18gbakolaoca","previousOperationId":"c0izrucfl9zhd3m"}
{"type":"log","timestamp":1719484282167,"level":"debug","message":"Page request finished: GET (stylesheet) 200 https://cdnjs.cloudflare.com/ajax/libs/metro/4.1.5/css/metro.min.css","meta":{"rootId":"j9175ngj4zfctty","id":"j9175ngj4zfctty"},"id":"wsle9ujn90e0emn","previousOperationId":"c0izrucfl9zhd3m"}
{"type":"log","timestamp":1719484282217,"level":"debug","message":"Running chrome with params {\"printBackground\":true,\"marginTop\":\"4cm\",\"marginRight\":\"1.5cm\",\"marginBottom\":\"1.5cm\",\"marginLeft\":\"1.5cm\",\"waitForJS\":false,\"timeout\":57887,\"margin\":{\"top\":\"4cm\",\"right\":\"1.5cm\",\"bottom\":\"1.5cm\",\"left\":\"1.5cm\"}}","meta":{"rootId":"j9175ngj4zfctty","id":"j9175ngj4zfctty"},"id":"v9zimhkteoa0ynw","previousOperationId":"c0izrucfl9zhd3m"}
{"type":"operationEnd","operationId":"c0izrucfl9zhd3m","timestamp":1719484282725,"id":"4zxxw4elzjri5on","previousEventId":"pngycrjsgif3a0k","previousOperationId":"c0izrucfl9zhd3m"}
{"type":"log","timestamp":1719484282725,"level":"info","message":"pdf-utils is starting pdf processing","meta":{"rootId":"j9175ngj4zfctty","id":"j9175ngj4zfctty"},"id":"l7ih3wim04wcj09","previousOperationId":"c0izrucfl9zhd3m"}
{"type":"operationStart","subtype":"pdfUtils","name":"pdf utils","timestamp":1719484282818,"id":"a57hb8oa1sv3vq6","previousEventId":"4zxxw4elzjri5on","operationId":"yl04332sv1eeafq","previousOperationId":"c0izrucfl9zhd3m"}
{"type":"log","timestamp":1719484282818,"level":"debug","message":"pdf-utils detected 1 pdf operation(s) to process","meta":{"rootId":"j9175ngj4zfctty","id":"j9175ngj4zfctty"},"id":"ifzlm86qwrewgj5","previousOperationId":"yl04332sv1eeafq"}
{"type":"log","timestamp":1719484282854,"level":"debug","message":"pdf-utils running pdf operation merge","meta":{"rootId":"j9175ngj4zfctty","id":"j9175ngj4zfctty"},"id":"2n14uex6yx2l0wq","previousOperationId":"yl04332sv1eeafq"}
{"type":"operationStart","subtype":"pdfUtilsMerge","name":"pdf utils merge","previousOperationId":"yl04332sv1eeafq","timestamp":1719484282854,"id":"3676zi74jfl4t4u","previousEventId":"a57hb8oa1sv3vq6","operationId":"14ius38h1fja07w"}
{"type":"operationStart","subtype":"render","name":"orders-header","previousOperationId":"14ius38h1fja07w","timestamp":1719484282855,"id":"z3wehi2ypvendbc","previousEventId":"3676zi74jfl4t4u","operationId":"h7eosfokkl08iry"}
{"type":"log","timestamp":1719484282855,"level":"info","message":"Starting rendering (child) request","meta":{"rootId":"j9175ngj4zfctty","id":"58jqskoim3z123g"},"id":"3pgxl0vg8sznxn1","previousOperationId":"h7eosfokkl08iry"}
{"type":"log","timestamp":1719484282855,"level":"info","message":"Rendering template { name: orders-header, recipe: chrome-pdf, engine: handlebars, preview: true }","meta":{"rootId":"j9175ngj4zfctty","id":"58jqskoim3z123g"},"id":"q3azhjyzmj0o1h7","previousOperationId":"h7eosfokkl08iry"}
{"type":"log","timestamp":1719484282857,"level":"debug","message":"Inline data specified.","meta":{"rootId":"j9175ngj4zfctty","id":"58jqskoim3z123g"},"id":"pnrk306q5f7zd09","previousOperationId":"h7eosfokkl08iry"}
{"type":"log","timestamp":1719484282858,"level":"debug","message":"Base url not specified, skipping its injection.","meta":{"rootId":"j9175ngj4zfctty","id":"58jqskoim3z123g"},"id":"a03y7zjqyspg4ha","previousOperationId":"h7eosfokkl08iry"}
{"type":"operationStart","subtype":"engine","name":"handlebars","timestamp":1719484282858,"id":"w7oxbz3os1psmbd","previousEventId":"z3wehi2ypvendbc","operationId":"ahrjxjoepe217pj","previousOperationId":"h7eosfokkl08iry"}
{"type":"log","timestamp":1719484282858,"level":"debug","message":"Rendering engine handlebars","meta":{"rootId":"j9175ngj4zfctty","id":"58jqskoim3z123g"},"id":"xht2h052d1lu03b","previousOperationId":"ahrjxjoepe217pj"}
{"type":"operationEnd","operationId":"ahrjxjoepe217pj","timestamp":1719484282906,"id":"z9l29qb8kbwh3wc","previousEventId":"w7oxbz3os1psmbd","previousOperationId":"ahrjxjoepe217pj"}
{"type":"operationStart","subtype":"recipe","name":"chrome-pdf","timestamp":1719484282906,"id":"twuv0nadypz8np8","previousEventId":"z9l29qb8kbwh3wc","operationId":"ekrdgi9sflgm91q","previousOperationId":"ahrjxjoepe217pj"}
{"type":"log","timestamp":1719484282906,"level":"debug","message":"Executing recipe chrome-pdf","meta":{"rootId":"j9175ngj4zfctty","id":"58jqskoim3z123g"},"id":"o9erf1cgs8604nx","previousOperationId":"ekrdgi9sflgm91q"}
{"type":"log","timestamp":1719484282907,"level":"debug","message":"Converting with chrome Chrome/126.0.6478.61 using chrome-pool strategy","meta":{"rootId":"j9175ngj4zfctty","id":"58jqskoim3z123g"},"id":"5rf16tys9d2g2jb","previousOperationId":"ekrdgi9sflgm91q"}
{"type":"log","timestamp":1719484283030,"level":"debug","message":"Page request: GET (document) file:///var/folders/80/zy9xv081381fz4dbkcnzjvk80000gn/T/jsreport/autocleanup/8bdac1b1-cd01-4c65-bd73-f38d09184196-chrome-pdf.html","meta":{"rootId":"j9175ngj4zfctty","id":"58jqskoim3z123g"},"id":"ud2pmlmgi4cgzed","previousOperationId":"ekrdgi9sflgm91q"}
{"type":"log","timestamp":1719484283037,"level":"debug","message":"Page request finished: GET (document) 200 file:///var/folders/80/zy9xv081381fz4dbkcnzjvk80000gn/T/jsreport/autocleanup/8bdac1b1-cd01-4c65-bd73-f38d09184196-chrome-pdf.html","meta":{"rootId":"j9175ngj4zfctty","id":"58jqskoim3z123g"},"id":"9rjaseil72xbcvd","previousOperationId":"ekrdgi9sflgm91q"}
{"type":"log","timestamp":1719484283038,"level":"debug","message":"Page request: GET (stylesheet) https://cdnjs.cloudflare.com/ajax/libs/metro/4.1.5/css/metro.min.css","meta":{"rootId":"j9175ngj4zfctty","id":"58jqskoim3z123g"},"id":"6xpx9i9brx1e7dz","previousOperationId":"ekrdgi9sflgm91q"}
{"type":"log","timestamp":1719484283048,"level":"debug","message":"Page request finished: GET (stylesheet) 200 https://cdnjs.cloudflare.com/ajax/libs/metro/4.1.5/css/metro.min.css","meta":{"rootId":"j9175ngj4zfctty","id":"58jqskoim3z123g"},"id":"38ipwulenn70rht","previousOperationId":"ekrdgi9sflgm91q"}
{"type":"log","timestamp":1719484283080,"level":"debug","message":"Running chrome with params {\"printBackground\":true,\"marginTop\":\"1.5cm\",\"marginRight\":\"1.5cm\",\"marginLeft\":\"1.cm\",\"timeout\":56286,\"margin\":{\"top\":\"1.5cm\",\"right\":\"1.5cm\",\"left\":\"1.cm\"}}","meta":{"rootId":"j9175ngj4zfctty","id":"58jqskoim3z123g"},"id":"lkv98fdvcvzjoyl","previousOperationId":"ekrdgi9sflgm91q"}
{"type":"operationEnd","operationId":"ekrdgi9sflgm91q","timestamp":1719484283232,"id":"qirv660cgoimzcw","previousEventId":"twuv0nadypz8np8","previousOperationId":"ekrdgi9sflgm91q"}
{"type":"log","timestamp":1719484283233,"level":"debug","message":"Skipping storing report.","meta":{"rootId":"j9175ngj4zfctty","id":"58jqskoim3z123g"},"id":"w15qnqtqzfonfnx","previousOperationId":"ekrdgi9sflgm91q"}
{"type":"log","timestamp":1719484283233,"level":"info","message":"Rendering (child) request finished in 4040 ms","meta":{"rootId":"j9175ngj4zfctty","id":"58jqskoim3z123g"},"id":"vd99jzelcmiqrno","previousOperationId":"ekrdgi9sflgm91q"}
{"type":"operationEnd","subtype":"render","operationId":"h7eosfokkl08iry","timestamp":1719484283233,"id":"plnvhgueefpp26j","previousEventId":"qirv660cgoimzcw","previousOperationId":"ekrdgi9sflgm91q"}
{"type":"operationEnd","operationId":"14ius38h1fja07w","timestamp":1719484283259,"id":"srfl1pt8t72mwdu","previousEventId":"3676zi74jfl4t4u","previousOperationId":"14ius38h1fja07w"}
{"type":"log","timestamp":1719484283259,"level":"debug","message":"pdf-utils postprocess start","meta":{"rootId":"j9175ngj4zfctty","id":"j9175ngj4zfctty"},"id":"i2o8td9srdz8sah","previousOperationId":"14ius38h1fja07w"}
{"type":"log","timestamp":1719484283290,"level":"debug","message":"pdf-utils postprocess end","meta":{"rootId":"j9175ngj4zfctty","id":"j9175ngj4zfctty"},"id":"h7vpe39s5w7axog","previousOperationId":"14ius38h1fja07w"}
{"type":"operationEnd","operationId":"yl04332sv1eeafq","timestamp":1719484283290,"id":"ajjvt8r7cng2krm","previousEventId":"srfl1pt8t72mwdu","previousOperationId":"14ius38h1fja07w"}
{"type":"log","timestamp":1719484283290,"level":"info","message":"pdf-utils pdf processing was finished","meta":{"rootId":"j9175ngj4zfctty","id":"j9175ngj4zfctty"},"id":"pp19e5oan7z0g00","previousOperationId":"yl04332sv1eeafq"}
{"type":"log","timestamp":1719484283291,"level":"debug","message":"Skipping storing report.","meta":{"rootId":"j9175ngj4zfctty","id":"j9175ngj4zfctty"},"id":"69q9dvb7ta5k4v1","previousOperationId":"yl04332sv1eeafq"}
{"type":"log","timestamp":1719484283291,"level":"info","message":"Rendering request 2 finished in 4098 ms","meta":{"rootId":"j9175ngj4zfctty","id":"j9175ngj4zfctty"},"id":"gvtv28yopoleo92","previousOperationId":"yl04332sv1eeafq"}
{"type":"operationEnd","subtype":"render","operationId":"ke0ipp8pexmc238","timestamp":1719484283291,"id":"si2rzfr9x94e8lr","previousEventId":"ajjvt8r7cng2krm","previousOperationId":"yl04332sv1eeafq"}
{"type":"operationEnd","doDiffs":false,"previousEventId":"cmqzcs3ugrzpwkx","previousOperationId":"mt93bhjsf0ikdm7","operationId":"mt93bhjsf0ikdm7","timestamp":1719484283293,"id":"5ie8yolko03mw65"}
