{"type":"operationStart","subtype":"profile","data":{"_id":"OR81MbuVyw73Ivy1","timestamp":"2024-06-27T10:32:24.790Z","state":"queued","mode":"standard","creationDate":"2024-06-27T10:32:24.791Z","modificationDate":"2024-06-27T10:32:24.791Z","shortid":"93HbXlj","$entitySet":"profiles"},"doDiffs":false,"timestamp":1719484344791,"id":"9ga11h0wlvdbbj4","previousOperationId":null,"operationId":"r1c5telvhoygd4m"}
{"type":"log","level":"info","message":"Render request 4 queued for execution and waiting for available worker","previousOperationId":"r1c5telvhoygd4m","timestamp":1719484344791,"id":"zsgoxpl4160eohe"}
{"type":"operationStart","subtype":"render","name":"orders-main","previousOperationId":"r1c5telvhoygd4m","timestamp":1719484344800,"id":"6emr5nfbsnjce3c","previousEventId":"9ga11h0wlvdbbj4","operationId":"nirp3y86mtzqiii"}
{"type":"log","timestamp":1719484344800,"level":"info","message":"Starting rendering request 4","meta":{"rootId":"q2eslft9sc7odh2","id":"q2eslft9sc7odh2"},"id":"kalx6f6p8uvn3jw","previousOperationId":"nirp3y86mtzqiii"}
{"type":"log","timestamp":1719484344800,"level":"info","message":"Rendering template { name: orders-main, recipe: chrome-pdf, engine: handlebars, preview: true }","meta":{"rootId":"q2eslft9sc7odh2","id":"q2eslft9sc7odh2"},"id":"iimk59jlbpb316y","previousOperationId":"nirp3y86mtzqiii"}
{"type":"log","timestamp":1719484344801,"level":"debug","message":"Data item not defined for this template.","meta":{"rootId":"q2eslft9sc7odh2","id":"q2eslft9sc7odh2"},"id":"m66el8tba5xwpwk","previousOperationId":"nirp3y86mtzqiii"}
{"type":"log","timestamp":1719484344803,"level":"debug","message":"Executing script orders-script (beforeRender)","meta":{"rootId":"q2eslft9sc7odh2","id":"q2eslft9sc7odh2"},"id":"m0xs6p76qwdltco","previousOperationId":"nirp3y86mtzqiii"}
{"type":"operationStart","subtype":"scriptsBeforeRender","name":"scripts beforeRender","timestamp":1719484344809,"id":"75bi0yml8l4xmmp","previousEventId":"6emr5nfbsnjce3c","operationId":"1hcrl1l5j4aoomt","previousOperationId":"nirp3y86mtzqiii"}
{"type":"operationStart","subtype":"script","name":"scripts orders-script","previousOperationId":"1hcrl1l5j4aoomt","timestamp":1719484344809,"id":"2qkcp197a0pkizg","previousEventId":"75bi0yml8l4xmmp","operationId":"j9cd10luifwkyiw"}
{"type":"operationEnd","operationId":"j9cd10luifwkyiw","timestamp":1719484346093,"id":"61sh7idd8dmumqo","previousEventId":"6emr5nfbsnjce3c","previousOperationId":"nirp3y86mtzqiii"}
{"type":"operationEnd","operationId":"1hcrl1l5j4aoomt","timestamp":1719484346093,"id":"lnsgmhrncn5ql4i","previousEventId":"61sh7idd8dmumqo","previousOperationId":"nirp3y86mtzqiii"}
{"type":"log","timestamp":1719484346093,"level":"debug","message":"Base url not specified, skipping its injection.","meta":{"rootId":"q2eslft9sc7odh2","id":"q2eslft9sc7odh2"},"id":"59liztaal8fs351","previousOperationId":"1hcrl1l5j4aoomt"}
{"type":"operationStart","subtype":"engine","name":"handlebars","timestamp":1719484346094,"id":"19c7jnwg6e5khyi","previousEventId":"lnsgmhrncn5ql4i","operationId":"mhlc5g80d05gpl6","previousOperationId":"1hcrl1l5j4aoomt"}
{"type":"log","timestamp":1719484346094,"level":"debug","message":"Rendering engine handlebars","meta":{"rootId":"q2eslft9sc7odh2","id":"q2eslft9sc7odh2"},"id":"aztlblkgfdluoh0","previousOperationId":"mhlc5g80d05gpl6"}
{"type":"log","timestamp":1719484346109,"level":"debug","message":"(console:log) Pdf utils adding group field, value: \"France\"","meta":{"userLevel":true,"rootId":"q2eslft9sc7odh2","id":"q2eslft9sc7odh2"},"id":"8sa92crwl69yoeh","previousOperationId":"mhlc5g80d05gpl6"}
{"type":"log","timestamp":1719484346110,"level":"debug","message":"(console:log) Pdf utils adding group field, value: \"Germany\"","meta":{"userLevel":true,"rootId":"q2eslft9sc7odh2","id":"q2eslft9sc7odh2"},"id":"xjvj8lkqsyevb86","previousOperationId":"mhlc5g80d05gpl6"}
{"type":"operationEnd","operationId":"mhlc5g80d05gpl6","timestamp":1719484346110,"id":"j8b1rewxwelzj8h","previousEventId":"19c7jnwg6e5khyi","previousOperationId":"mhlc5g80d05gpl6"}
{"type":"operationStart","subtype":"recipe","name":"chrome-pdf","timestamp":1719484346110,"id":"2kitstl4lacxrlm","previousEventId":"j8b1rewxwelzj8h","operationId":"4wxoty0y40evnkv","previousOperationId":"mhlc5g80d05gpl6"}
{"type":"log","timestamp":1719484346110,"level":"debug","message":"Executing recipe chrome-pdf","meta":{"rootId":"q2eslft9sc7odh2","id":"q2eslft9sc7odh2"},"id":"y9kytr2m5is0zba","previousOperationId":"4wxoty0y40evnkv"}
{"type":"log","timestamp":1719484346113,"level":"debug","message":"Converting with chrome Chrome/126.0.6478.61 using chrome-pool strategy","meta":{"rootId":"q2eslft9sc7odh2","id":"q2eslft9sc7odh2"},"id":"wqew8nizo3kzgw5","previousOperationId":"4wxoty0y40evnkv"}
{"type":"log","timestamp":1719484346145,"level":"debug","message":"Page request: GET (document) file:///var/folders/80/zy9xv081381fz4dbkcnzjvk80000gn/T/jsreport/autocleanup/638f72c3-fb1d-4287-9fdc-31d2d201ccde-chrome-pdf.html","meta":{"rootId":"q2eslft9sc7odh2","id":"q2eslft9sc7odh2"},"id":"3wayf5qx62ql4x4","previousOperationId":"4wxoty0y40evnkv"}
{"type":"log","timestamp":1719484346153,"level":"debug","message":"Page request finished: GET (document) 200 file:///var/folders/80/zy9xv081381fz4dbkcnzjvk80000gn/T/jsreport/autocleanup/638f72c3-fb1d-4287-9fdc-31d2d201ccde-chrome-pdf.html","meta":{"rootId":"q2eslft9sc7odh2","id":"q2eslft9sc7odh2"},"id":"rrq9beh6kvmyrfx","previousOperationId":"4wxoty0y40evnkv"}
{"type":"log","timestamp":1719484346153,"level":"debug","message":"Page request: GET (stylesheet) https://cdnjs.cloudflare.com/ajax/libs/metro/4.1.5/css/metro.min.css","meta":{"rootId":"q2eslft9sc7odh2","id":"q2eslft9sc7odh2"},"id":"g9bi3xsi7p5ppao","previousOperationId":"4wxoty0y40evnkv"}
{"type":"log","timestamp":1719484346154,"level":"debug","message":"Page request: GET (script) https://cdnjs.cloudflare.com/ajax/libs/Chart.js/2.7.2/Chart.min.js","meta":{"rootId":"q2eslft9sc7odh2","id":"q2eslft9sc7odh2"},"id":"fxijw85roph7xrk","previousOperationId":"4wxoty0y40evnkv"}
{"type":"log","timestamp":1719484346165,"level":"debug","message":"Page request finished: GET (stylesheet) 200 https://cdnjs.cloudflare.com/ajax/libs/metro/4.1.5/css/metro.min.css","meta":{"rootId":"q2eslft9sc7odh2","id":"q2eslft9sc7odh2"},"id":"zubbfl5ty0nvwr3","previousOperationId":"4wxoty0y40evnkv"}
{"type":"log","timestamp":1719484346165,"level":"debug","message":"Page request finished: GET (script) 200 https://cdnjs.cloudflare.com/ajax/libs/Chart.js/2.7.2/Chart.min.js","meta":{"rootId":"q2eslft9sc7odh2","id":"q2eslft9sc7odh2"},"id":"z1ewmfu8t6mhiju","previousOperationId":"4wxoty0y40evnkv"}
{"type":"log","timestamp":1719484346217,"level":"debug","message":"Running chrome with params {\"printBackground\":true,\"marginTop\":\"4cm\",\"marginRight\":\"1.5cm\",\"marginBottom\":\"1.5cm\",\"marginLeft\":\"1.5cm\",\"waitForJS\":false,\"timeout\":58678,\"margin\":{\"top\":\"4cm\",\"right\":\"1.5cm\",\"bottom\":\"1.5cm\",\"left\":\"1.5cm\"}}","meta":{"rootId":"q2eslft9sc7odh2","id":"q2eslft9sc7odh2"},"id":"jjgocq5hjfswi9m","previousOperationId":"4wxoty0y40evnkv"}
{"type":"operationEnd","operationId":"4wxoty0y40evnkv","timestamp":1719484346466,"id":"jet95ntoeb59fht","previousEventId":"2kitstl4lacxrlm","previousOperationId":"4wxoty0y40evnkv"}
{"type":"log","timestamp":1719484346466,"level":"info","message":"pdf-utils is starting pdf processing","meta":{"rootId":"q2eslft9sc7odh2","id":"q2eslft9sc7odh2"},"id":"2fv3jml8n1gx2yi","previousOperationId":"4wxoty0y40evnkv"}
{"type":"operationStart","subtype":"pdfUtils","name":"pdf utils","timestamp":1719484346466,"id":"av0isol99sbcmp9","previousEventId":"jet95ntoeb59fht","operationId":"1rqqubypmkhk9gi","previousOperationId":"4wxoty0y40evnkv"}
{"type":"log","timestamp":1719484346466,"level":"debug","message":"pdf-utils detected 1 pdf operation(s) to process","meta":{"rootId":"q2eslft9sc7odh2","id":"q2eslft9sc7odh2"},"id":"vzu04f742kakmoq","previousOperationId":"1rqqubypmkhk9gi"}
{"type":"log","timestamp":1719484346496,"level":"debug","message":"pdf-utils running pdf operation merge","meta":{"rootId":"q2eslft9sc7odh2","id":"q2eslft9sc7odh2"},"id":"0e7tfpzx0vdrptq","previousOperationId":"1rqqubypmkhk9gi"}
{"type":"operationStart","subtype":"pdfUtilsMerge","name":"pdf utils merge","previousOperationId":"1rqqubypmkhk9gi","timestamp":1719484346496,"id":"t3xnw3qsa1keqyr","previousEventId":"av0isol99sbcmp9","operationId":"4p7cwpcf12163p4"}
{"type":"operationStart","subtype":"render","name":"orders-header","previousOperationId":"4p7cwpcf12163p4","timestamp":1719484346496,"id":"xhas1u3c3c53ein","previousEventId":"t3xnw3qsa1keqyr","operationId":"k3hdesxa4p618aw"}
{"type":"log","timestamp":1719484346496,"level":"info","message":"Starting rendering (child) request","meta":{"rootId":"q2eslft9sc7odh2","id":"eibb0avvdnnmzzq"},"id":"33jeqcuoh06je82","previousOperationId":"k3hdesxa4p618aw"}
{"type":"log","timestamp":1719484346496,"level":"info","message":"Rendering template { name: orders-header, recipe: chrome-pdf, engine: handlebars, preview: true }","meta":{"rootId":"q2eslft9sc7odh2","id":"eibb0avvdnnmzzq"},"id":"8onx1kvs7kfd4ee","previousOperationId":"k3hdesxa4p618aw"}
{"type":"log","timestamp":1719484346500,"level":"debug","message":"Inline data specified.","meta":{"rootId":"q2eslft9sc7odh2","id":"eibb0avvdnnmzzq"},"id":"zk9p16gknunjg1f","previousOperationId":"k3hdesxa4p618aw"}
{"type":"log","timestamp":1719484346502,"level":"debug","message":"Base url not specified, skipping its injection.","meta":{"rootId":"q2eslft9sc7odh2","id":"eibb0avvdnnmzzq"},"id":"rrsgcecflk8f33g","previousOperationId":"k3hdesxa4p618aw"}
{"type":"operationStart","subtype":"engine","name":"handlebars","timestamp":1719484346502,"id":"0nxrxxiw4h291ej","previousEventId":"xhas1u3c3c53ein","operationId":"ajgokrxai59giq4","previousOperationId":"k3hdesxa4p618aw"}
{"type":"log","timestamp":1719484346502,"level":"debug","message":"Rendering engine handlebars","meta":{"rootId":"q2eslft9sc7odh2","id":"eibb0avvdnnmzzq"},"id":"4t1akjmcrgkt5mj","previousOperationId":"ajgokrxai59giq4"}
{"type":"operationEnd","operationId":"ajgokrxai59giq4","timestamp":1719484346513,"id":"0ghvenfnynoe95y","previousEventId":"0nxrxxiw4h291ej","previousOperationId":"ajgokrxai59giq4"}
{"type":"operationStart","subtype":"recipe","name":"chrome-pdf","timestamp":1719484346513,"id":"g6205imaregwf1i","previousEventId":"0ghvenfnynoe95y","operationId":"nktksdv2bc3oxl7","previousOperationId":"ajgokrxai59giq4"}
{"type":"log","timestamp":1719484346513,"level":"debug","message":"Executing recipe chrome-pdf","meta":{"rootId":"q2eslft9sc7odh2","id":"eibb0avvdnnmzzq"},"id":"gu7e80jph1qdp45","previousOperationId":"nktksdv2bc3oxl7"}
{"type":"log","timestamp":1719484346514,"level":"debug","message":"Converting with chrome Chrome/126.0.6478.61 using chrome-pool strategy","meta":{"rootId":"q2eslft9sc7odh2","id":"eibb0avvdnnmzzq"},"id":"k9ntzs4x2c7s91f","previousOperationId":"nktksdv2bc3oxl7"}
{"type":"log","timestamp":1719484346540,"level":"debug","message":"Page request: GET (document) file:///var/folders/80/zy9xv081381fz4dbkcnzjvk80000gn/T/jsreport/autocleanup/d667f85d-39e5-4dce-8562-7d91d2969ab6-chrome-pdf.html","meta":{"rootId":"q2eslft9sc7odh2","id":"eibb0avvdnnmzzq"},"id":"49jjk06ftyqccux","previousOperationId":"nktksdv2bc3oxl7"}
{"type":"log","timestamp":1719484346546,"level":"debug","message":"Page request finished: GET (document) 200 file:///var/folders/80/zy9xv081381fz4dbkcnzjvk80000gn/T/jsreport/autocleanup/d667f85d-39e5-4dce-8562-7d91d2969ab6-chrome-pdf.html","meta":{"rootId":"q2eslft9sc7odh2","id":"eibb0avvdnnmzzq"},"id":"pp96or3ythdxuio","previousOperationId":"nktksdv2bc3oxl7"}
{"type":"log","timestamp":1719484346546,"level":"debug","message":"Page request: GET (stylesheet) https://cdnjs.cloudflare.com/ajax/libs/metro/4.1.5/css/metro.min.css","meta":{"rootId":"q2eslft9sc7odh2","id":"eibb0avvdnnmzzq"},"id":"7kd0cbmabdss8bx","previousOperationId":"nktksdv2bc3oxl7"}
{"type":"log","timestamp":1719484346557,"level":"debug","message":"Page request finished: GET (stylesheet) 200 https://cdnjs.cloudflare.com/ajax/libs/metro/4.1.5/css/metro.min.css","meta":{"rootId":"q2eslft9sc7odh2","id":"eibb0avvdnnmzzq"},"id":"2gpitltho87ha5j","previousOperationId":"nktksdv2bc3oxl7"}
{"type":"log","timestamp":1719484346590,"level":"debug","message":"Running chrome with params {\"printBackground\":true,\"marginTop\":\"1.5cm\",\"marginRight\":\"1.5cm\",\"marginLeft\":\"1.cm\",\"timeout\":58276,\"margin\":{\"top\":\"1.5cm\",\"right\":\"1.5cm\",\"left\":\"1.cm\"}}","meta":{"rootId":"q2eslft9sc7odh2","id":"eibb0avvdnnmzzq"},"id":"dqigimtnz65a7p7","previousOperationId":"nktksdv2bc3oxl7"}
{"type":"operationEnd","operationId":"nktksdv2bc3oxl7","timestamp":1719484346738,"id":"t2uiw7a0uice7eu","previousEventId":"g6205imaregwf1i","previousOperationId":"nktksdv2bc3oxl7"}
{"type":"log","timestamp":1719484346738,"level":"debug","message":"Skipping storing report.","meta":{"rootId":"q2eslft9sc7odh2","id":"eibb0avvdnnmzzq"},"id":"4e7chrkt4etetgm","previousOperationId":"nktksdv2bc3oxl7"}
{"type":"log","timestamp":1719484346738,"level":"info","message":"Rendering (child) request finished in 1948 ms","meta":{"rootId":"q2eslft9sc7odh2","id":"eibb0avvdnnmzzq"},"id":"e4acjw8l3pqiicz","previousOperationId":"nktksdv2bc3oxl7"}
{"type":"operationEnd","subtype":"render","operationId":"k3hdesxa4p618aw","timestamp":1719484346738,"id":"eper05k16tkzotq","previousEventId":"t2uiw7a0uice7eu","previousOperationId":"nktksdv2bc3oxl7"}
{"type":"operationEnd","operationId":"4p7cwpcf12163p4","timestamp":1719484346761,"id":"se7d1idj3bv9nd7","previousEventId":"t3xnw3qsa1keqyr","previousOperationId":"4p7cwpcf12163p4"}
{"type":"log","timestamp":1719484346761,"level":"debug","message":"pdf-utils postprocess start","meta":{"rootId":"q2eslft9sc7odh2","id":"q2eslft9sc7odh2"},"id":"vv3xrp3g2hxpvba","previousOperationId":"4p7cwpcf12163p4"}
{"type":"log","timestamp":1719484346795,"level":"debug","message":"pdf-utils postprocess end","meta":{"rootId":"q2eslft9sc7odh2","id":"q2eslft9sc7odh2"},"id":"82wbp0ah76lw5wp","previousOperationId":"4p7cwpcf12163p4"}
{"type":"operationEnd","operationId":"1rqqubypmkhk9gi","timestamp":1719484346795,"id":"ncea19q78rz1q6z","previousEventId":"se7d1idj3bv9nd7","previousOperationId":"4p7cwpcf12163p4"}
{"type":"log","timestamp":1719484346796,"level":"info","message":"pdf-utils pdf processing was finished","meta":{"rootId":"q2eslft9sc7odh2","id":"q2eslft9sc7odh2"},"id":"0xipgig3534biyr","previousOperationId":"1rqqubypmkhk9gi"}
{"type":"log","timestamp":1719484346796,"level":"debug","message":"Skipping storing report.","meta":{"rootId":"q2eslft9sc7odh2","id":"q2eslft9sc7odh2"},"id":"qzf1gu91uuua1me","previousOperationId":"1rqqubypmkhk9gi"}
{"type":"log","timestamp":1719484346796,"level":"info","message":"Rendering request 4 finished in 2006 ms","meta":{"rootId":"q2eslft9sc7odh2","id":"q2eslft9sc7odh2"},"id":"biybtg6tt6ks7v7","previousOperationId":"1rqqubypmkhk9gi"}
{"type":"operationEnd","subtype":"render","operationId":"nirp3y86mtzqiii","timestamp":1719484346796,"id":"sgwuuzmaqjov9io","previousEventId":"ncea19q78rz1q6z","previousOperationId":"1rqqubypmkhk9gi"}
{"type":"operationEnd","doDiffs":false,"previousEventId":"9ga11h0wlvdbbj4","previousOperationId":"r1c5telvhoygd4m","operationId":"r1c5telvhoygd4m","timestamp":1719484346799,"id":"yuhm3gksq2ulyna"}
