{"type":"operationStart","subtype":"profile","data":{"_id":"1tPfi0nz13oQtvyZ","timestamp":"2024-06-27T10:35:23.352Z","state":"queued","mode":"standard","creationDate":"2024-06-27T10:35:23.353Z","modificationDate":"2024-06-27T10:35:23.353Z","shortid":"bM8MoQl","$entitySet":"profiles"},"doDiffs":false,"timestamp":1719484523352,"id":"u16e9e40x38h35l","previousOperationId":null,"operationId":"ygrmt766su4z8vb"}
{"type":"log","level":"info","message":"Render request 7 queued for execution and waiting for available worker","previousOperationId":"ygrmt766su4z8vb","timestamp":1719484523352,"id":"4j09glphkyvwsqy"}
{"type":"operationStart","subtype":"render","name":"orders-main","previousOperationId":"ygrmt766su4z8vb","timestamp":1719484523371,"id":"6uztoebm0nxahbl","previousEventId":"u16e9e40x38h35l","operationId":"hfq46xipjcrk1fi"}
{"type":"log","timestamp":1719484523371,"level":"info","message":"Starting rendering request 7","meta":{"rootId":"xth92yz449o1lax","id":"xth92yz449o1lax"},"id":"kqy1nenmkqddity","previousOperationId":"hfq46xipjcrk1fi"}
{"type":"log","timestamp":1719484523371,"level":"info","message":"Rendering template { name: orders-main, recipe: chrome-pdf, engine: handlebars, preview: true }","meta":{"rootId":"xth92yz449o1lax","id":"xth92yz449o1lax"},"id":"g36fk2mihukcft0","previousOperationId":"hfq46xipjcrk1fi"}
{"type":"log","timestamp":1719484523372,"level":"debug","message":"Data item not defined for this template.","meta":{"rootId":"xth92yz449o1lax","id":"xth92yz449o1lax"},"id":"wdnmura2k3xl00f","previousOperationId":"hfq46xipjcrk1fi"}
{"type":"log","timestamp":1719484523380,"level":"debug","message":"Executing script orders-script (beforeRender)","meta":{"rootId":"xth92yz449o1lax","id":"xth92yz449o1lax"},"id":"1eu3hsed3doc0t5","previousOperationId":"hfq46xipjcrk1fi"}
{"type":"operationStart","subtype":"scriptsBeforeRender","name":"scripts beforeRender","timestamp":1719484523395,"id":"z7w5u7xjpx0ss1t","previousEventId":"6uztoebm0nxahbl","operationId":"1y3rjx2hpl1vgbg","previousOperationId":"hfq46xipjcrk1fi"}
{"type":"operationStart","subtype":"script","name":"scripts orders-script","previousOperationId":"1y3rjx2hpl1vgbg","timestamp":1719484523395,"id":"3qh4k1i8wfzcwip","previousEventId":"z7w5u7xjpx0ss1t","operationId":"vdck901ogux8kym"}
{"type":"operationEnd","operationId":"vdck901ogux8kym","timestamp":1719484524792,"id":"don07l2o0jlg7r2","previousEventId":"6uztoebm0nxahbl","previousOperationId":"hfq46xipjcrk1fi"}
{"type":"operationEnd","operationId":"1y3rjx2hpl1vgbg","timestamp":1719484524792,"id":"6i6mye7cu0lb90p","previousEventId":"don07l2o0jlg7r2","previousOperationId":"hfq46xipjcrk1fi"}
{"type":"log","timestamp":1719484524792,"level":"debug","message":"Base url not specified, skipping its injection.","meta":{"rootId":"xth92yz449o1lax","id":"xth92yz449o1lax"},"id":"xab0xzf3xsd2et6","previousOperationId":"1y3rjx2hpl1vgbg"}
{"type":"operationStart","subtype":"engine","name":"handlebars","timestamp":1719484524792,"id":"7y1qmnkwp8ru3vw","previousEventId":"6i6mye7cu0lb90p","operationId":"8ampzleoek7gwli","previousOperationId":"1y3rjx2hpl1vgbg"}
{"type":"log","timestamp":1719484524792,"level":"debug","message":"Rendering engine handlebars","meta":{"rootId":"xth92yz449o1lax","id":"xth92yz449o1lax"},"id":"j6nw9myavgo6het","previousOperationId":"8ampzleoek7gwli"}
{"type":"log","timestamp":1719484524811,"level":"debug","message":"(console:log) Pdf utils adding group field, value: \"France\"","meta":{"userLevel":true,"rootId":"xth92yz449o1lax","id":"xth92yz449o1lax"},"id":"855334d3kfh7wkn","previousOperationId":"8ampzleoek7gwli"}
{"type":"log","timestamp":1719484524812,"level":"debug","message":"(console:log) Pdf utils adding group field, value: \"Germany\"","meta":{"userLevel":true,"rootId":"xth92yz449o1lax","id":"xth92yz449o1lax"},"id":"y9a0erouezokubr","previousOperationId":"8ampzleoek7gwli"}
{"type":"operationEnd","operationId":"8ampzleoek7gwli","timestamp":1719484524812,"id":"wqlruh6plw6aycz","previousEventId":"7y1qmnkwp8ru3vw","previousOperationId":"8ampzleoek7gwli"}
{"type":"operationStart","subtype":"recipe","name":"chrome-pdf","timestamp":1719484524813,"id":"jntj5nmj663rrpq","previousEventId":"wqlruh6plw6aycz","operationId":"bixlh54zzqns5l0","previousOperationId":"8ampzleoek7gwli"}
{"type":"log","timestamp":1719484524813,"level":"debug","message":"Executing recipe chrome-pdf","meta":{"rootId":"xth92yz449o1lax","id":"xth92yz449o1lax"},"id":"usz2zr32dahubbw","previousOperationId":"bixlh54zzqns5l0"}
{"type":"log","timestamp":1719484524816,"level":"debug","message":"Converting with chrome Chrome/126.0.6478.61 using chrome-pool strategy","meta":{"rootId":"xth92yz449o1lax","id":"xth92yz449o1lax"},"id":"67e0evuwpvp3gjk","previousOperationId":"bixlh54zzqns5l0"}
{"type":"log","timestamp":1719484524850,"level":"debug","message":"Page request: GET (document) file:///var/folders/80/zy9xv081381fz4dbkcnzjvk80000gn/T/jsreport/autocleanup/5c87194c-8862-4e57-b41b-2611de0023fd-chrome-pdf.html","meta":{"rootId":"xth92yz449o1lax","id":"xth92yz449o1lax"},"id":"put3of8c66yce97","previousOperationId":"bixlh54zzqns5l0"}
{"type":"log","timestamp":1719484524860,"level":"debug","message":"Page request finished: GET (document) 200 file:///var/folders/80/zy9xv081381fz4dbkcnzjvk80000gn/T/jsreport/autocleanup/5c87194c-8862-4e57-b41b-2611de0023fd-chrome-pdf.html","meta":{"rootId":"xth92yz449o1lax","id":"xth92yz449o1lax"},"id":"zhp9y1luc4vnpb2","previousOperationId":"bixlh54zzqns5l0"}
{"type":"log","timestamp":1719484524861,"level":"debug","message":"Page request: GET (stylesheet) https://cdnjs.cloudflare.com/ajax/libs/metro/4.1.5/css/metro.min.css","meta":{"rootId":"xth92yz449o1lax","id":"xth92yz449o1lax"},"id":"0gjn2csk5q0trsq","previousOperationId":"bixlh54zzqns5l0"}
{"type":"log","timestamp":1719484524861,"level":"debug","message":"Page request: GET (script) https://cdnjs.cloudflare.com/ajax/libs/Chart.js/2.7.2/Chart.min.js","meta":{"rootId":"xth92yz449o1lax","id":"xth92yz449o1lax"},"id":"ttbtcdnq4dopowx","previousOperationId":"bixlh54zzqns5l0"}
{"type":"log","timestamp":1719484524873,"level":"debug","message":"Page request finished: GET (stylesheet) 200 https://cdnjs.cloudflare.com/ajax/libs/metro/4.1.5/css/metro.min.css","meta":{"rootId":"xth92yz449o1lax","id":"xth92yz449o1lax"},"id":"kdima7lw9sb0wkl","previousOperationId":"bixlh54zzqns5l0"}
{"type":"log","timestamp":1719484524994,"level":"debug","message":"Page request finished: GET (script) 200 https://cdnjs.cloudflare.com/ajax/libs/Chart.js/2.7.2/Chart.min.js","meta":{"rootId":"xth92yz449o1lax","id":"xth92yz449o1lax"},"id":"0a5jcoze4z963ll","previousOperationId":"bixlh54zzqns5l0"}
{"type":"log","timestamp":1719484525114,"level":"debug","message":"Running chrome with params {\"printBackground\":true,\"marginTop\":\"4cm\",\"marginRight\":\"1.5cm\",\"marginBottom\":\"1.5cm\",\"marginLeft\":\"1.5cm\",\"waitForJS\":false,\"timeout\":58536,\"margin\":{\"top\":\"4cm\",\"right\":\"1.5cm\",\"bottom\":\"1.5cm\",\"left\":\"1.5cm\"}}","meta":{"rootId":"xth92yz449o1lax","id":"xth92yz449o1lax"},"id":"ixbido1r4ec6xwz","previousOperationId":"bixlh54zzqns5l0"}
{"type":"operationEnd","operationId":"bixlh54zzqns5l0","timestamp":1719484525621,"id":"lq5hrsxw3z84qb7","previousEventId":"jntj5nmj663rrpq","previousOperationId":"bixlh54zzqns5l0"}
{"type":"log","timestamp":1719484525621,"level":"info","message":"pdf-utils is starting pdf processing","meta":{"rootId":"xth92yz449o1lax","id":"xth92yz449o1lax"},"id":"gn0xj5cba23xjep","previousOperationId":"bixlh54zzqns5l0"}
{"type":"operationStart","subtype":"pdfUtils","name":"pdf utils","timestamp":1719484525716,"id":"1u7da4ao9z90sqb","previousEventId":"lq5hrsxw3z84qb7","operationId":"rh27s3om78i1sjc","previousOperationId":"bixlh54zzqns5l0"}
{"type":"log","timestamp":1719484525717,"level":"debug","message":"pdf-utils detected 1 pdf operation(s) to process","meta":{"rootId":"xth92yz449o1lax","id":"xth92yz449o1lax"},"id":"j6fwpejq50kdpo4","previousOperationId":"rh27s3om78i1sjc"}
{"type":"log","timestamp":1719484525753,"level":"debug","message":"pdf-utils running pdf operation merge","meta":{"rootId":"xth92yz449o1lax","id":"xth92yz449o1lax"},"id":"7978gy6w7qlayt4","previousOperationId":"rh27s3om78i1sjc"}
{"type":"operationStart","subtype":"pdfUtilsMerge","name":"pdf utils merge","previousOperationId":"rh27s3om78i1sjc","timestamp":1719484525753,"id":"szplwwxmm2hzkac","previousEventId":"1u7da4ao9z90sqb","operationId":"zkf9ls1j3072evv"}
{"type":"operationStart","subtype":"render","name":"orders-header","previousOperationId":"zkf9ls1j3072evv","timestamp":1719484525754,"id":"0f2rwq9zq7ydckb","previousEventId":"szplwwxmm2hzkac","operationId":"wim5h6xnejm1tbh"}
{"type":"log","timestamp":1719484525754,"level":"info","message":"Starting rendering (child) request","meta":{"rootId":"xth92yz449o1lax","id":"oqfhuzx3krcgnbc"},"id":"iys34wm9baew3vj","previousOperationId":"wim5h6xnejm1tbh"}
{"type":"log","timestamp":1719484525754,"level":"info","message":"Rendering template { name: orders-header, recipe: chrome-pdf, engine: handlebars, preview: true }","meta":{"rootId":"xth92yz449o1lax","id":"oqfhuzx3krcgnbc"},"id":"f75fj6u2igra8do","previousOperationId":"wim5h6xnejm1tbh"}
{"type":"log","timestamp":1719484525756,"level":"debug","message":"Inline data specified.","meta":{"rootId":"xth92yz449o1lax","id":"oqfhuzx3krcgnbc"},"id":"wf1qd7wfkalz08e","previousOperationId":"wim5h6xnejm1tbh"}
{"type":"log","timestamp":1719484525758,"level":"debug","message":"Base url not specified, skipping its injection.","meta":{"rootId":"xth92yz449o1lax","id":"oqfhuzx3krcgnbc"},"id":"inwetj9nep71087","previousOperationId":"wim5h6xnejm1tbh"}
{"type":"operationStart","subtype":"engine","name":"handlebars","timestamp":1719484525758,"id":"k65xpxqmy3bwhyq","previousEventId":"0f2rwq9zq7ydckb","operationId":"1ojsrx3ct0ip26k","previousOperationId":"wim5h6xnejm1tbh"}
{"type":"log","timestamp":1719484525758,"level":"debug","message":"Rendering engine handlebars","meta":{"rootId":"xth92yz449o1lax","id":"oqfhuzx3krcgnbc"},"id":"3borcg97egu1pox","previousOperationId":"1ojsrx3ct0ip26k"}
{"type":"operationEnd","operationId":"1ojsrx3ct0ip26k","timestamp":1719484525769,"id":"nzfnr27t8dsnxmn","previousEventId":"k65xpxqmy3bwhyq","previousOperationId":"1ojsrx3ct0ip26k"}
{"type":"operationStart","subtype":"recipe","name":"chrome-pdf","timestamp":1719484525769,"id":"ltpbkvfmthjh73v","previousEventId":"nzfnr27t8dsnxmn","operationId":"ot9mre0nerzb09i","previousOperationId":"1ojsrx3ct0ip26k"}
{"type":"log","timestamp":1719484525769,"level":"debug","message":"Executing recipe chrome-pdf","meta":{"rootId":"xth92yz449o1lax","id":"oqfhuzx3krcgnbc"},"id":"9a2y611ubn7d716","previousOperationId":"ot9mre0nerzb09i"}
{"type":"log","timestamp":1719484525770,"level":"debug","message":"Converting with chrome Chrome/126.0.6478.61 using chrome-pool strategy","meta":{"rootId":"xth92yz449o1lax","id":"oqfhuzx3krcgnbc"},"id":"z9rlmscg9ik7say","previousOperationId":"ot9mre0nerzb09i"}
{"type":"log","timestamp":1719484525814,"level":"debug","message":"Page request: GET (document) file:///var/folders/80/zy9xv081381fz4dbkcnzjvk80000gn/T/jsreport/autocleanup/76cba6ee-3819-42e7-8450-c91c7829adb1-chrome-pdf.html","meta":{"rootId":"xth92yz449o1lax","id":"oqfhuzx3krcgnbc"},"id":"sxyueuez845oimr","previousOperationId":"ot9mre0nerzb09i"}
{"type":"log","timestamp":1719484525819,"level":"debug","message":"Page request finished: GET (document) 200 file:///var/folders/80/zy9xv081381fz4dbkcnzjvk80000gn/T/jsreport/autocleanup/76cba6ee-3819-42e7-8450-c91c7829adb1-chrome-pdf.html","meta":{"rootId":"xth92yz449o1lax","id":"oqfhuzx3krcgnbc"},"id":"8u85s4m5su4mafp","previousOperationId":"ot9mre0nerzb09i"}
{"type":"log","timestamp":1719484525820,"level":"debug","message":"Page request: GET (stylesheet) https://cdnjs.cloudflare.com/ajax/libs/metro/4.1.5/css/metro.min.css","meta":{"rootId":"xth92yz449o1lax","id":"oqfhuzx3krcgnbc"},"id":"o328x4fhd2gb6h4","previousOperationId":"ot9mre0nerzb09i"}
{"type":"log","timestamp":1719484525831,"level":"debug","message":"Page request finished: GET (stylesheet) 200 https://cdnjs.cloudflare.com/ajax/libs/metro/4.1.5/css/metro.min.css","meta":{"rootId":"xth92yz449o1lax","id":"oqfhuzx3krcgnbc"},"id":"l8tzh1qpem4xzwz","previousOperationId":"ot9mre0nerzb09i"}
{"type":"log","timestamp":1719484525861,"level":"debug","message":"Running chrome with params {\"printBackground\":true,\"marginTop\":\"1.5cm\",\"marginRight\":\"1.5cm\",\"marginLeft\":\"1.cm\",\"timeout\":57581,\"margin\":{\"top\":\"1.5cm\",\"right\":\"1.5cm\",\"left\":\"1.cm\"}}","meta":{"rootId":"xth92yz449o1lax","id":"oqfhuzx3krcgnbc"},"id":"5b0it1xtrbbsl1r","previousOperationId":"ot9mre0nerzb09i"}
{"type":"operationEnd","operationId":"ot9mre0nerzb09i","timestamp":1719484525999,"id":"miyz8d1p8ql6o8d","previousEventId":"ltpbkvfmthjh73v","previousOperationId":"ot9mre0nerzb09i"}
{"type":"log","timestamp":1719484525999,"level":"debug","message":"Skipping storing report.","meta":{"rootId":"xth92yz449o1lax","id":"oqfhuzx3krcgnbc"},"id":"q5xvzl5qgeeodzr","previousOperationId":"ot9mre0nerzb09i"}
{"type":"log","timestamp":1719484525999,"level":"info","message":"Rendering (child) request finished in 2648 ms","meta":{"rootId":"xth92yz449o1lax","id":"oqfhuzx3krcgnbc"},"id":"mdceujlnjxejr12","previousOperationId":"ot9mre0nerzb09i"}
{"type":"operationEnd","subtype":"render","operationId":"wim5h6xnejm1tbh","timestamp":1719484525999,"id":"khpjj6w8h657pb6","previousEventId":"miyz8d1p8ql6o8d","previousOperationId":"ot9mre0nerzb09i"}
{"type":"operationEnd","operationId":"zkf9ls1j3072evv","timestamp":1719484526025,"id":"cunegi632ay5stk","previousEventId":"szplwwxmm2hzkac","previousOperationId":"zkf9ls1j3072evv"}
{"type":"log","timestamp":1719484526025,"level":"debug","message":"pdf-utils postprocess start","meta":{"rootId":"xth92yz449o1lax","id":"xth92yz449o1lax"},"id":"p22wif2xieq0sw2","previousOperationId":"zkf9ls1j3072evv"}
{"type":"log","timestamp":1719484526054,"level":"debug","message":"pdf-utils postprocess end","meta":{"rootId":"xth92yz449o1lax","id":"xth92yz449o1lax"},"id":"7x38jddy01iqw4z","previousOperationId":"zkf9ls1j3072evv"}
{"type":"operationEnd","operationId":"rh27s3om78i1sjc","timestamp":1719484526054,"id":"7di10ygsab03rg1","previousEventId":"cunegi632ay5stk","previousOperationId":"zkf9ls1j3072evv"}
{"type":"log","timestamp":1719484526055,"level":"info","message":"pdf-utils pdf processing was finished","meta":{"rootId":"xth92yz449o1lax","id":"xth92yz449o1lax"},"id":"jc45l8ycnncrszd","previousOperationId":"rh27s3om78i1sjc"}
{"type":"log","timestamp":1719484526055,"level":"debug","message":"Skipping storing report.","meta":{"rootId":"xth92yz449o1lax","id":"xth92yz449o1lax"},"id":"y936981frvdei0v","previousOperationId":"rh27s3om78i1sjc"}
{"type":"log","timestamp":1719484526055,"level":"info","message":"Rendering request 7 finished in 2704 ms","meta":{"rootId":"xth92yz449o1lax","id":"xth92yz449o1lax"},"id":"xbnt4jhimn0u751","previousOperationId":"rh27s3om78i1sjc"}
{"type":"operationEnd","subtype":"render","operationId":"hfq46xipjcrk1fi","timestamp":1719484526055,"id":"f4p85y12jocm7kx","previousEventId":"7di10ygsab03rg1","previousOperationId":"rh27s3om78i1sjc"}
{"type":"operationEnd","doDiffs":false,"previousEventId":"u16e9e40x38h35l","previousOperationId":"ygrmt766su4z8vb","operationId":"ygrmt766su4z8vb","timestamp":1719484526057,"id":"0rfauk88wctohr0"}
