{"type":"operationStart","subtype":"profile","data":{"_id":"33ZQG0TE9m8AZcZf","timestamp":"2024-06-27T10:38:48.149Z","state":"queued","mode":"standard","creationDate":"2024-06-27T10:38:48.151Z","modificationDate":"2024-06-27T10:38:48.151Z","shortid":"mmQlNay","$entitySet":"profiles"},"doDiffs":false,"timestamp":1719484728150,"id":"54zxo32nqrw8y3e","previousOperationId":null,"operationId":"3o8mzovmh6b7p0u"}
{"type":"log","level":"info","message":"Render request 8 queued for execution and waiting for available worker","previousOperationId":"3o8mzovmh6b7p0u","timestamp":1719484728150,"id":"xxdwakkzi9rv57d"}
{"type":"operationStart","subtype":"render","name":"orders-main","previousOperationId":"3o8mzovmh6b7p0u","timestamp":1719484728157,"id":"u04nebuxvjwcufq","previousEventId":"54zxo32nqrw8y3e","operationId":"q62vw87llxjq07l"}
{"type":"log","timestamp":1719484728157,"level":"info","message":"Starting rendering request 8","meta":{"rootId":"zbrz8lurvzilmjf","id":"zbrz8lurvzilmjf"},"id":"yj5qjf4knu30v0b","previousOperationId":"q62vw87llxjq07l"}
{"type":"log","timestamp":1719484728157,"level":"info","message":"Rendering template { name: orders-main, recipe: chrome-pdf, engine: handlebars, preview: true }","meta":{"rootId":"zbrz8lurvzilmjf","id":"zbrz8lurvzilmjf"},"id":"4eu6mm60lhtij6h","previousOperationId":"q62vw87llxjq07l"}
{"type":"log","timestamp":1719484728159,"level":"debug","message":"Data item not defined for this template.","meta":{"rootId":"zbrz8lurvzilmjf","id":"zbrz8lurvzilmjf"},"id":"t94um9h9yh34yc6","previousOperationId":"q62vw87llxjq07l"}
{"type":"log","timestamp":1719484728162,"level":"debug","message":"Executing script orders-script (beforeRender)","meta":{"rootId":"zbrz8lurvzilmjf","id":"zbrz8lurvzilmjf"},"id":"stteio71rxlrey1","previousOperationId":"q62vw87llxjq07l"}
{"type":"operationStart","subtype":"scriptsBeforeRender","name":"scripts beforeRender","timestamp":1719484728167,"id":"rfaksfisph3074u","previousEventId":"u04nebuxvjwcufq","operationId":"xaxo6kivtsdz0ep","previousOperationId":"q62vw87llxjq07l"}
{"type":"operationStart","subtype":"script","name":"scripts orders-script","previousOperationId":"xaxo6kivtsdz0ep","timestamp":1719484728167,"id":"zr6xwrei7i0eiol","previousEventId":"rfaksfisph3074u","operationId":"uqf1cpq7t1pnft5"}
{"type":"operationEnd","operationId":"uqf1cpq7t1pnft5","timestamp":1719484729457,"id":"o0fvw4xrfgyf9wp","previousEventId":"u04nebuxvjwcufq","previousOperationId":"q62vw87llxjq07l"}
{"type":"operationEnd","operationId":"xaxo6kivtsdz0ep","timestamp":1719484729457,"id":"al1j25h2t5ikh5g","previousEventId":"o0fvw4xrfgyf9wp","previousOperationId":"q62vw87llxjq07l"}
{"type":"log","timestamp":1719484729457,"level":"debug","message":"Base url not specified, skipping its injection.","meta":{"rootId":"zbrz8lurvzilmjf","id":"zbrz8lurvzilmjf"},"id":"wdpd82ynud0mb2n","previousOperationId":"xaxo6kivtsdz0ep"}
{"type":"operationStart","subtype":"engine","name":"handlebars","timestamp":1719484729458,"id":"33te9s94ppnqkmu","previousEventId":"al1j25h2t5ikh5g","operationId":"9bkotrg1ohuxsr9","previousOperationId":"xaxo6kivtsdz0ep"}
{"type":"log","timestamp":1719484729458,"level":"debug","message":"Rendering engine handlebars","meta":{"rootId":"zbrz8lurvzilmjf","id":"zbrz8lurvzilmjf"},"id":"9bm2eqcekhwhdma","previousOperationId":"9bkotrg1ohuxsr9"}
{"type":"log","timestamp":1719484729467,"level":"debug","message":"(console:log) Pdf utils adding group field, value: \"France\"","meta":{"userLevel":true,"rootId":"zbrz8lurvzilmjf","id":"zbrz8lurvzilmjf"},"id":"y8g139209iwjtvx","previousOperationId":"9bkotrg1ohuxsr9"}
{"type":"log","timestamp":1719484729468,"level":"debug","message":"(console:log) Pdf utils adding group field, value: \"Germany\"","meta":{"userLevel":true,"rootId":"zbrz8lurvzilmjf","id":"zbrz8lurvzilmjf"},"id":"2mo2gwdfqjos8c1","previousOperationId":"9bkotrg1ohuxsr9"}
{"type":"operationEnd","operationId":"9bkotrg1ohuxsr9","timestamp":1719484729468,"id":"xz5pr7z4xhdcs3n","previousEventId":"33te9s94ppnqkmu","previousOperationId":"9bkotrg1ohuxsr9"}
{"type":"operationStart","subtype":"recipe","name":"chrome-pdf","timestamp":1719484729468,"id":"ti4uc8hpykbfjmb","previousEventId":"xz5pr7z4xhdcs3n","operationId":"f4qaxpz8cwk08h6","previousOperationId":"9bkotrg1ohuxsr9"}
{"type":"log","timestamp":1719484729469,"level":"debug","message":"Executing recipe chrome-pdf","meta":{"rootId":"zbrz8lurvzilmjf","id":"zbrz8lurvzilmjf"},"id":"2r549g64jmaxqdr","previousOperationId":"f4qaxpz8cwk08h6"}
{"type":"log","timestamp":1719484729471,"level":"debug","message":"Converting with chrome Chrome/126.0.6478.61 using chrome-pool strategy","meta":{"rootId":"zbrz8lurvzilmjf","id":"zbrz8lurvzilmjf"},"id":"jzmnvl9l7230qk4","previousOperationId":"f4qaxpz8cwk08h6"}
{"type":"log","timestamp":1719484729507,"level":"debug","message":"Page request: GET (document) file:///var/folders/80/zy9xv081381fz4dbkcnzjvk80000gn/T/jsreport/autocleanup/66e4f4f9-5f30-4cc8-8074-f2d7da464d9b-chrome-pdf.html","meta":{"rootId":"zbrz8lurvzilmjf","id":"zbrz8lurvzilmjf"},"id":"xvheiyom8u44j0b","previousOperationId":"f4qaxpz8cwk08h6"}
{"type":"log","timestamp":1719484729513,"level":"debug","message":"Page request finished: GET (document) 200 file:///var/folders/80/zy9xv081381fz4dbkcnzjvk80000gn/T/jsreport/autocleanup/66e4f4f9-5f30-4cc8-8074-f2d7da464d9b-chrome-pdf.html","meta":{"rootId":"zbrz8lurvzilmjf","id":"zbrz8lurvzilmjf"},"id":"zg7j5cr49ck09re","previousOperationId":"f4qaxpz8cwk08h6"}
{"type":"log","timestamp":1719484729513,"level":"debug","message":"Page request: GET (stylesheet) https://cdnjs.cloudflare.com/ajax/libs/metro/4.1.5/css/metro.min.css","meta":{"rootId":"zbrz8lurvzilmjf","id":"zbrz8lurvzilmjf"},"id":"m7g58ucp484uwpn","previousOperationId":"f4qaxpz8cwk08h6"}
{"type":"log","timestamp":1719484729515,"level":"debug","message":"Page request: GET (script) https://cdnjs.cloudflare.com/ajax/libs/Chart.js/2.7.2/Chart.min.js","meta":{"rootId":"zbrz8lurvzilmjf","id":"zbrz8lurvzilmjf"},"id":"23xc1fvdp4orxg0","previousOperationId":"f4qaxpz8cwk08h6"}
{"type":"log","timestamp":1719484729526,"level":"debug","message":"Page request finished: GET (stylesheet) 200 https://cdnjs.cloudflare.com/ajax/libs/metro/4.1.5/css/metro.min.css","meta":{"rootId":"zbrz8lurvzilmjf","id":"zbrz8lurvzilmjf"},"id":"fqcwh2fj77nwpgx","previousOperationId":"f4qaxpz8cwk08h6"}
{"type":"log","timestamp":1719484729527,"level":"debug","message":"Page request finished: GET (script) 200 https://cdnjs.cloudflare.com/ajax/libs/Chart.js/2.7.2/Chart.min.js","meta":{"rootId":"zbrz8lurvzilmjf","id":"zbrz8lurvzilmjf"},"id":"u3ffqkrr3fq01s5","previousOperationId":"f4qaxpz8cwk08h6"}
{"type":"log","timestamp":1719484729586,"level":"debug","message":"Running chrome with params {\"printBackground\":true,\"marginTop\":\"4cm\",\"marginRight\":\"1.5cm\",\"marginBottom\":\"1.5cm\",\"marginLeft\":\"1.5cm\",\"waitForJS\":false,\"timeout\":58679,\"margin\":{\"top\":\"4cm\",\"right\":\"1.5cm\",\"bottom\":\"1.5cm\",\"left\":\"1.5cm\"}}","meta":{"rootId":"zbrz8lurvzilmjf","id":"zbrz8lurvzilmjf"},"id":"055akcwvt0jgacy","previousOperationId":"f4qaxpz8cwk08h6"}
{"type":"operationEnd","operationId":"f4qaxpz8cwk08h6","timestamp":1719484729818,"id":"uoa7c0lu0pywlk1","previousEventId":"ti4uc8hpykbfjmb","previousOperationId":"f4qaxpz8cwk08h6"}
{"type":"log","timestamp":1719484729818,"level":"info","message":"pdf-utils is starting pdf processing","meta":{"rootId":"zbrz8lurvzilmjf","id":"zbrz8lurvzilmjf"},"id":"0c2ldt14r5e9c9w","previousOperationId":"f4qaxpz8cwk08h6"}
{"type":"operationStart","subtype":"pdfUtils","name":"pdf utils","timestamp":1719484729818,"id":"pljj19do3dedngj","previousEventId":"uoa7c0lu0pywlk1","operationId":"03mj1v9ke6b720g","previousOperationId":"f4qaxpz8cwk08h6"}
{"type":"log","timestamp":1719484729818,"level":"debug","message":"pdf-utils detected 1 pdf operation(s) to process","meta":{"rootId":"zbrz8lurvzilmjf","id":"zbrz8lurvzilmjf"},"id":"cntaisgdd5bp5t4","previousOperationId":"03mj1v9ke6b720g"}
{"type":"log","timestamp":1719484729838,"level":"debug","message":"pdf-utils running pdf operation merge","meta":{"rootId":"zbrz8lurvzilmjf","id":"zbrz8lurvzilmjf"},"id":"mdlm9pzzsm25xgv","previousOperationId":"03mj1v9ke6b720g"}
{"type":"operationStart","subtype":"pdfUtilsMerge","name":"pdf utils merge","previousOperationId":"03mj1v9ke6b720g","timestamp":1719484729838,"id":"odi68n5slid2ex2","previousEventId":"pljj19do3dedngj","operationId":"n91cesm16dkqi9l"}
{"type":"operationStart","subtype":"render","name":"orders-header","previousOperationId":"n91cesm16dkqi9l","timestamp":1719484729838,"id":"58pzy9b9ln80n02","previousEventId":"odi68n5slid2ex2","operationId":"tkldvetebr0ykkc"}
{"type":"log","timestamp":1719484729838,"level":"info","message":"Starting rendering (child) request","meta":{"rootId":"zbrz8lurvzilmjf","id":"ck64naz18wfw056"},"id":"aijidw2algrxvxe","previousOperationId":"tkldvetebr0ykkc"}
{"type":"log","timestamp":1719484729838,"level":"info","message":"Rendering template { name: orders-header, recipe: chrome-pdf, engine: handlebars, preview: true }","meta":{"rootId":"zbrz8lurvzilmjf","id":"ck64naz18wfw056"},"id":"2x05tnfqwumta77","previousOperationId":"tkldvetebr0ykkc"}
{"type":"log","timestamp":1719484729839,"level":"debug","message":"Inline data specified.","meta":{"rootId":"zbrz8lurvzilmjf","id":"ck64naz18wfw056"},"id":"8io8oyrcbp1eh1j","previousOperationId":"tkldvetebr0ykkc"}
{"type":"log","timestamp":1719484729840,"level":"debug","message":"Base url not specified, skipping its injection.","meta":{"rootId":"zbrz8lurvzilmjf","id":"ck64naz18wfw056"},"id":"fqcg33vafcua2b8","previousOperationId":"tkldvetebr0ykkc"}
{"type":"operationStart","subtype":"engine","name":"handlebars","timestamp":1719484729840,"id":"yisb13x745frwng","previousEventId":"58pzy9b9ln80n02","operationId":"i9hig8dkxk9hsg3","previousOperationId":"tkldvetebr0ykkc"}
{"type":"log","timestamp":1719484729840,"level":"debug","message":"Rendering engine handlebars","meta":{"rootId":"zbrz8lurvzilmjf","id":"ck64naz18wfw056"},"id":"o9xbpogy648s2ex","previousOperationId":"i9hig8dkxk9hsg3"}
{"type":"operationEnd","operationId":"i9hig8dkxk9hsg3","timestamp":1719484729845,"id":"z899wr41b48rcaz","previousEventId":"yisb13x745frwng","previousOperationId":"i9hig8dkxk9hsg3"}
{"type":"operationStart","subtype":"recipe","name":"chrome-pdf","timestamp":1719484729846,"id":"2kucwoi1evntz6h","previousEventId":"z899wr41b48rcaz","operationId":"gs6xpky1b9o5g14","previousOperationId":"i9hig8dkxk9hsg3"}
{"type":"log","timestamp":1719484729846,"level":"debug","message":"Executing recipe chrome-pdf","meta":{"rootId":"zbrz8lurvzilmjf","id":"ck64naz18wfw056"},"id":"dj39c4bp6k79d90","previousOperationId":"gs6xpky1b9o5g14"}
{"type":"log","timestamp":1719484729846,"level":"debug","message":"Converting with chrome Chrome/126.0.6478.61 using chrome-pool strategy","meta":{"rootId":"zbrz8lurvzilmjf","id":"ck64naz18wfw056"},"id":"ehuxnldy5eoxyto","previousOperationId":"gs6xpky1b9o5g14"}
{"type":"log","timestamp":1719484729870,"level":"debug","message":"Page request: GET (document) file:///var/folders/80/zy9xv081381fz4dbkcnzjvk80000gn/T/jsreport/autocleanup/0b87dede-bd47-4f13-b37d-6609d6226589-chrome-pdf.html","meta":{"rootId":"zbrz8lurvzilmjf","id":"ck64naz18wfw056"},"id":"oh3a1mh5hlfw7ze","previousOperationId":"gs6xpky1b9o5g14"}
{"type":"log","timestamp":1719484729876,"level":"debug","message":"Page request finished: GET (document) 200 file:///var/folders/80/zy9xv081381fz4dbkcnzjvk80000gn/T/jsreport/autocleanup/0b87dede-bd47-4f13-b37d-6609d6226589-chrome-pdf.html","meta":{"rootId":"zbrz8lurvzilmjf","id":"ck64naz18wfw056"},"id":"bs1sjkxk8sklngv","previousOperationId":"gs6xpky1b9o5g14"}
{"type":"log","timestamp":1719484729876,"level":"debug","message":"Page request: GET (stylesheet) https://cdnjs.cloudflare.com/ajax/libs/metro/4.1.5/css/metro.min.css","meta":{"rootId":"zbrz8lurvzilmjf","id":"ck64naz18wfw056"},"id":"5dhtzxdme2z15ex","previousOperationId":"gs6xpky1b9o5g14"}
{"type":"log","timestamp":1719484729886,"level":"debug","message":"Page request finished: GET (stylesheet) 200 https://cdnjs.cloudflare.com/ajax/libs/metro/4.1.5/css/metro.min.css","meta":{"rootId":"zbrz8lurvzilmjf","id":"ck64naz18wfw056"},"id":"iohhabm6ul2ceog","previousOperationId":"gs6xpky1b9o5g14"}
{"type":"log","timestamp":1719484729917,"level":"debug","message":"Running chrome with params {\"printBackground\":true,\"marginTop\":\"1.5cm\",\"marginRight\":\"1.5cm\",\"marginLeft\":\"1.cm\",\"timeout\":58303,\"margin\":{\"top\":\"1.5cm\",\"right\":\"1.5cm\",\"left\":\"1.cm\"}}","meta":{"rootId":"zbrz8lurvzilmjf","id":"ck64naz18wfw056"},"id":"5lhc2yylsprepbv","previousOperationId":"gs6xpky1b9o5g14"}
{"type":"operationEnd","operationId":"gs6xpky1b9o5g14","timestamp":1719484730051,"id":"l0mgpyndc4ulwzc","previousEventId":"2kucwoi1evntz6h","previousOperationId":"gs6xpky1b9o5g14"}
{"type":"log","timestamp":1719484730051,"level":"debug","message":"Skipping storing report.","meta":{"rootId":"zbrz8lurvzilmjf","id":"ck64naz18wfw056"},"id":"02rrk8xkeed3it0","previousOperationId":"gs6xpky1b9o5g14"}
{"type":"log","timestamp":1719484730051,"level":"info","message":"Rendering (child) request finished in 1902 ms","meta":{"rootId":"zbrz8lurvzilmjf","id":"ck64naz18wfw056"},"id":"9z4ub1acn54ll20","previousOperationId":"gs6xpky1b9o5g14"}
{"type":"operationEnd","subtype":"render","operationId":"tkldvetebr0ykkc","timestamp":1719484730051,"id":"z2y1xn3o0x6duvt","previousEventId":"l0mgpyndc4ulwzc","previousOperationId":"gs6xpky1b9o5g14"}
{"type":"operationEnd","operationId":"n91cesm16dkqi9l","timestamp":1719484730072,"id":"cwrht0vl6dgqzfa","previousEventId":"odi68n5slid2ex2","previousOperationId":"n91cesm16dkqi9l"}
{"type":"log","timestamp":1719484730072,"level":"debug","message":"pdf-utils postprocess start","meta":{"rootId":"zbrz8lurvzilmjf","id":"zbrz8lurvzilmjf"},"id":"9b6hx4hlukfzmim","previousOperationId":"n91cesm16dkqi9l"}
{"type":"log","timestamp":1719484730100,"level":"debug","message":"pdf-utils postprocess end","meta":{"rootId":"zbrz8lurvzilmjf","id":"zbrz8lurvzilmjf"},"id":"9zqrpcjb0n8oga4","previousOperationId":"n91cesm16dkqi9l"}
{"type":"operationEnd","operationId":"03mj1v9ke6b720g","timestamp":1719484730100,"id":"vuxbzz6mpscfxko","previousEventId":"cwrht0vl6dgqzfa","previousOperationId":"n91cesm16dkqi9l"}
{"type":"log","timestamp":1719484730101,"level":"info","message":"pdf-utils pdf processing was finished","meta":{"rootId":"zbrz8lurvzilmjf","id":"zbrz8lurvzilmjf"},"id":"e59sv0nb47vz274","previousOperationId":"03mj1v9ke6b720g"}
{"type":"log","timestamp":1719484730101,"level":"debug","message":"Skipping storing report.","meta":{"rootId":"zbrz8lurvzilmjf","id":"zbrz8lurvzilmjf"},"id":"s2rjasr37skpb8e","previousOperationId":"03mj1v9ke6b720g"}
{"type":"log","timestamp":1719484730101,"level":"info","message":"Rendering request 8 finished in 1952 ms","meta":{"rootId":"zbrz8lurvzilmjf","id":"zbrz8lurvzilmjf"},"id":"idgaft66a9cpqlt","previousOperationId":"03mj1v9ke6b720g"}
{"type":"operationEnd","subtype":"render","operationId":"q62vw87llxjq07l","timestamp":1719484730101,"id":"ybasnj96eezy916","previousEventId":"vuxbzz6mpscfxko","previousOperationId":"03mj1v9ke6b720g"}
{"type":"operationEnd","doDiffs":false,"previousEventId":"54zxo32nqrw8y3e","previousOperationId":"3o8mzovmh6b7p0u","operationId":"3o8mzovmh6b7p0u","timestamp":1719484730103,"id":"jelfr9oh7d87v9z"}
