{"type":"operationStart","subtype":"profile","data":{"_id":"xtVAg4O98zvljZqG","timestamp":"2024-06-27T10:30:27.878Z","state":"queued","mode":"standard","creationDate":"2024-06-27T10:30:27.882Z","modificationDate":"2024-06-27T10:30:27.882Z","shortid":"NBKn86r","$entitySet":"profiles"},"doDiffs":false,"timestamp":1719484227880,"id":"xyymicck52z59v9","previousOperationId":null,"operationId":"2bhhq9pde6kecxr"}
{"type":"log","level":"info","message":"Render request 1 queued for execution and waiting for available worker","previousOperationId":"2bhhq9pde6kecxr","timestamp":1719484227881,"id":"znyt2q76rwschat"}
{"type":"operationStart","subtype":"render","name":"sales-main","previousOperationId":"2bhhq9pde6kecxr","timestamp":1719484227903,"id":"zhsulybe96gytj0","previousEventId":"xyymicck52z59v9","operationId":"0h4ehr9q08kag13"}
{"type":"log","timestamp":1719484227904,"level":"info","message":"Starting rendering request 1","meta":{"rootId":"93vbmzhv5wn0io4","id":"93vbmzhv5wn0io4"},"id":"ouz2a7oolukrf62","previousOperationId":"0h4ehr9q08kag13"}
{"type":"log","timestamp":1719484227904,"level":"info","message":"Rendering template { name: sales-main, recipe: html-to-xlsx, engine: handlebars, preview: true }","meta":{"rootId":"93vbmzhv5wn0io4","id":"93vbmzhv5wn0io4"},"id":"bqxghs5hobc8za9","previousOperationId":"0h4ehr9q08kag13"}
{"type":"log","timestamp":1719484227905,"level":"debug","message":"Adding sample data B1lSTrt6NB","meta":{"rootId":"93vbmzhv5wn0io4","id":"93vbmzhv5wn0io4"},"id":"822zqndb5f47aj3","previousOperationId":"0h4ehr9q08kag13"}
{"type":"log","timestamp":1719484227908,"level":"debug","message":"Base url not specified, skipping its injection.","meta":{"rootId":"93vbmzhv5wn0io4","id":"93vbmzhv5wn0io4"},"id":"w68buomah9y6hud","previousOperationId":"0h4ehr9q08kag13"}
{"type":"operationStart","subtype":"engine","name":"handlebars","timestamp":1719484227908,"id":"ensiepbalt5b2ge","previousEventId":"zhsulybe96gytj0","operationId":"4adwan0r0ii1kim","previousOperationId":"0h4ehr9q08kag13"}
{"type":"log","timestamp":1719484227909,"level":"debug","message":"Rendering engine handlebars","meta":{"rootId":"93vbmzhv5wn0io4","id":"93vbmzhv5wn0io4"},"id":"u29wi0gaqjs63zs","previousOperationId":"4adwan0r0ii1kim"}
{"type":"operationEnd","operationId":"4adwan0r0ii1kim","timestamp":1719484228225,"id":"arrg3yrvfo8e8x3","previousEventId":"ensiepbalt5b2ge","previousOperationId":"4adwan0r0ii1kim"}
{"type":"operationStart","subtype":"recipe","name":"html-to-xlsx","timestamp":1719484228226,"id":"rtr52k4fmhwg201","previousEventId":"arrg3yrvfo8e8x3","operationId":"67mxx0rp4vk8p7c","previousOperationId":"4adwan0r0ii1kim"}
{"type":"log","timestamp":1719484228226,"level":"debug","message":"Executing recipe html-to-xlsx","meta":{"rootId":"93vbmzhv5wn0io4","id":"93vbmzhv5wn0io4"},"id":"lyt6fwdc1zg5pnt","previousOperationId":"67mxx0rp4vk8p7c"}
{"type":"log","timestamp":1719484228695,"level":"info","message":"html-to-xlsx generation is starting","meta":{"rootId":"93vbmzhv5wn0io4","id":"93vbmzhv5wn0io4"},"id":"u4skyy4c6g44ykf","previousOperationId":"67mxx0rp4vk8p7c"}
{"type":"log","timestamp":1719484230368,"level":"info","message":"html-to-xlsx generation was finished","meta":{"rootId":"93vbmzhv5wn0io4","id":"93vbmzhv5wn0io4"},"id":"d5njkkcixqyqzc7","previousOperationId":"67mxx0rp4vk8p7c"}
{"type":"log","timestamp":1719484230386,"level":"debug","message":"preparing office preview","meta":{"rootId":"93vbmzhv5wn0io4","id":"93vbmzhv5wn0io4"},"id":"8qxdg5ud7now4e2","previousOperationId":"67mxx0rp4vk8p7c"}
{"type":"operationEnd","operationId":"67mxx0rp4vk8p7c","timestamp":1719484230840,"id":"hrrpg3d7wx7tucp","previousEventId":"rtr52k4fmhwg201","previousOperationId":"67mxx0rp4vk8p7c"}
{"type":"log","timestamp":1719484230841,"level":"debug","message":"Skipping storing report.","meta":{"rootId":"93vbmzhv5wn0io4","id":"93vbmzhv5wn0io4"},"id":"tfpxlzc467h201j","previousOperationId":"67mxx0rp4vk8p7c"}
{"type":"log","timestamp":1719484230842,"level":"info","message":"Rendering request 1 finished in 2965 ms","meta":{"rootId":"93vbmzhv5wn0io4","id":"93vbmzhv5wn0io4"},"id":"ef7nfok387o2d7q","previousOperationId":"67mxx0rp4vk8p7c"}
{"type":"operationEnd","subtype":"render","operationId":"0h4ehr9q08kag13","timestamp":1719484230842,"id":"rjej6u8d5cy74r0","previousEventId":"hrrpg3d7wx7tucp","previousOperationId":"67mxx0rp4vk8p7c"}
{"type":"operationEnd","doDiffs":false,"previousEventId":"xyymicck52z59v9","previousOperationId":"2bhhq9pde6kecxr","operationId":"2bhhq9pde6kecxr","timestamp":1719484230848,"id":"v9go83bfnjjwnyk"}
