{"type":"operationStart","subtype":"profile","data":{"_id":"Kd9t2yfxY28AkmSY","timestamp":"2024-06-25T14:13:31.574Z","state":"queued","mode":"standard","creationDate":"2024-06-25T14:13:31.575Z","modificationDate":"2024-06-25T14:13:31.575Z","shortid":"rLhEoIM","$entitySet":"profiles"},"doDiffs":false,"timestamp":1719324811574,"id":"d95kbv9my5o2xhg","previousOperationId":null,"operationId":"q0kbwoe8kinlyf9"}
{"type":"log","level":"info","message":"Render request 2 queued for execution and waiting for available worker","previousOperationId":"q0kbwoe8kinlyf9","timestamp":1719324811574,"id":"qcq1t3f7228fidz"}
{"type":"operationStart","subtype":"render","name":"orders-header","previousOperationId":"q0kbwoe8kinlyf9","timestamp":1719324811581,"id":"r5zdkl2ixjp69me","previousEventId":"d95kbv9my5o2xhg","operationId":"nffy5ws3gi6tbdl"}
{"type":"log","timestamp":1719324811582,"level":"info","message":"Starting rendering request 2","meta":{"rootId":"10dc0bp97pooiux","id":"10dc0bp97pooiux"},"id":"l308fqgnqlwkeca","previousOperationId":"nffy5ws3gi6tbdl"}
{"type":"log","timestamp":1719324811583,"level":"info","message":"Rendering template { name: orders-header, recipe: chrome-pdf, engine: handlebars, preview: true }","meta":{"rootId":"10dc0bp97pooiux","id":"10dc0bp97pooiux"},"id":"31r6eouerfej229","previousOperationId":"nffy5ws3gi6tbdl"}
{"type":"log","timestamp":1719324811586,"level":"debug","message":"Data item not defined for this template.","meta":{"rootId":"10dc0bp97pooiux","id":"10dc0bp97pooiux"},"id":"929t5vjvgqeoa1c","previousOperationId":"nffy5ws3gi6tbdl"}
{"type":"log","timestamp":1719324811588,"level":"debug","message":"Base url not specified, skipping its injection.","meta":{"rootId":"10dc0bp97pooiux","id":"10dc0bp97pooiux"},"id":"awg3ac3j4pyajp5","previousOperationId":"nffy5ws3gi6tbdl"}
{"type":"operationStart","subtype":"engine","name":"handlebars","timestamp":1719324811589,"id":"mcoknvx8lk4r3wo","previousEventId":"r5zdkl2ixjp69me","operationId":"3xh744f03d0uo4m","previousOperationId":"nffy5ws3gi6tbdl"}
{"type":"log","timestamp":1719324811589,"level":"debug","message":"Rendering engine handlebars","meta":{"rootId":"10dc0bp97pooiux","id":"10dc0bp97pooiux"},"id":"koa5z3lxrf471ne","previousOperationId":"3xh744f03d0uo4m"}
{"type":"operationEnd","operationId":"3xh744f03d0uo4m","timestamp":1719324811901,"id":"idz0w2jmt1z35ta","previousEventId":"mcoknvx8lk4r3wo","previousOperationId":"3xh744f03d0uo4m"}
{"type":"operationStart","subtype":"recipe","name":"chrome-pdf","timestamp":1719324811901,"id":"4v8azqst4ljjfo5","previousEventId":"idz0w2jmt1z35ta","operationId":"qwnosf1w3laeq1j","previousOperationId":"3xh744f03d0uo4m"}
{"type":"log","timestamp":1719324811902,"level":"debug","message":"Executing recipe chrome-pdf","meta":{"rootId":"10dc0bp97pooiux","id":"10dc0bp97pooiux"},"id":"6wbb5nkyrco7cbx","previousOperationId":"qwnosf1w3laeq1j"}
{"type":"log","timestamp":1719324812472,"level":"debug","message":"Converting with chrome Chrome/126.0.6478.61 using chrome-pool strategy","meta":{"rootId":"10dc0bp97pooiux","id":"10dc0bp97pooiux"},"id":"7bz4ct1hlqc5kci","previousOperationId":"qwnosf1w3laeq1j"}
{"type":"log","timestamp":1719324812927,"level":"debug","message":"Page request: GET (document) file:///var/folders/80/zy9xv081381fz4dbkcnzjvk80000gn/T/jsreport/autocleanup/2cd1fe85-3269-4977-a374-8a8cff70ba37-chrome-pdf.html","meta":{"rootId":"10dc0bp97pooiux","id":"10dc0bp97pooiux"},"id":"spe0jr6cltpdy5o","previousOperationId":"qwnosf1w3laeq1j"}
{"type":"log","timestamp":1719324812935,"level":"debug","message":"Page request finished: GET (document) 200 file:///var/folders/80/zy9xv081381fz4dbkcnzjvk80000gn/T/jsreport/autocleanup/2cd1fe85-3269-4977-a374-8a8cff70ba37-chrome-pdf.html","meta":{"rootId":"10dc0bp97pooiux","id":"10dc0bp97pooiux"},"id":"x7ppo2f8uohe2yq","previousOperationId":"qwnosf1w3laeq1j"}
{"type":"log","timestamp":1719324812936,"level":"debug","message":"Page request: GET (stylesheet) https://cdnjs.cloudflare.com/ajax/libs/metro/4.1.5/css/metro.min.css","meta":{"rootId":"10dc0bp97pooiux","id":"10dc0bp97pooiux"},"id":"77fohsohiuq719q","previousOperationId":"qwnosf1w3laeq1j"}
{"type":"log","timestamp":1719324813266,"level":"debug","message":"Page request finished: GET (stylesheet) 200 https://cdnjs.cloudflare.com/ajax/libs/metro/4.1.5/css/metro.min.css","meta":{"rootId":"10dc0bp97pooiux","id":"10dc0bp97pooiux"},"id":"3avwl40hrmyvf2w","previousOperationId":"qwnosf1w3laeq1j"}
{"type":"log","timestamp":1719324813269,"level":"debug","message":"Running chrome with params {\"printBackground\":true,\"marginTop\":\"1.5cm\",\"marginRight\":\"1.5cm\",\"marginLeft\":\"1.cm\",\"timeout\":59670,\"margin\":{\"top\":\"1.5cm\",\"right\":\"1.5cm\",\"left\":\"1.cm\"}}","meta":{"rootId":"10dc0bp97pooiux","id":"10dc0bp97pooiux"},"id":"tmttii3hgy8k4z9","previousOperationId":"qwnosf1w3laeq1j"}
{"type":"operationEnd","operationId":"qwnosf1w3laeq1j","timestamp":1719324813337,"id":"84felwq67z3qg5i","previousEventId":"4v8azqst4ljjfo5","previousOperationId":"qwnosf1w3laeq1j"}
{"type":"log","timestamp":1719324813337,"level":"debug","message":"Skipping storing report.","meta":{"rootId":"10dc0bp97pooiux","id":"10dc0bp97pooiux"},"id":"7c33yjd3qxsg8qy","previousOperationId":"qwnosf1w3laeq1j"}
{"type":"log","timestamp":1719324813337,"level":"info","message":"Rendering request 2 finished in 1763 ms","meta":{"rootId":"10dc0bp97pooiux","id":"10dc0bp97pooiux"},"id":"xhkmavb7j1c3yrq","previousOperationId":"qwnosf1w3laeq1j"}
{"type":"operationEnd","subtype":"render","operationId":"nffy5ws3gi6tbdl","timestamp":1719324813338,"id":"wghuyczk98okw9t","previousEventId":"84felwq67z3qg5i","previousOperationId":"qwnosf1w3laeq1j"}
{"type":"operationEnd","doDiffs":false,"previousEventId":"d95kbv9my5o2xhg","previousOperationId":"q0kbwoe8kinlyf9","operationId":"q0kbwoe8kinlyf9","timestamp":1719324813339,"id":"g9mngvvhp7xq10j"}
