{"type":"operationStart","subtype":"profile","data":{"_id":"9KdxBtC9o5clQ1hW","timestamp":"2024-06-27T10:32:14.380Z","state":"queued","mode":"standard","creationDate":"2024-06-27T10:32:14.381Z","modificationDate":"2024-06-27T10:32:14.381Z","shortid":"hBR_xaY","$entitySet":"profiles"},"doDiffs":false,"timestamp":1719484334381,"id":"3mejrdlu19ppywx","previousOperationId":null,"operationId":"er8xdaxk3hor9s3"}
{"type":"log","level":"info","message":"Render request 3 queued for execution and waiting for available worker","previousOperationId":"er8xdaxk3hor9s3","timestamp":1719484334381,"id":"2wqy1izmc8yajgk"}
{"type":"operationStart","subtype":"render","name":"orders-header","previousOperationId":"er8xdaxk3hor9s3","timestamp":1719484334386,"id":"o7bffe4rgpgy3iz","previousEventId":"3mejrdlu19ppywx","operationId":"8j0t76es4ko3qr0"}
{"type":"log","timestamp":1719484334386,"level":"info","message":"Starting rendering request 3","meta":{"rootId":"giu8e9sla4ckryw","id":"giu8e9sla4ckryw"},"id":"ohdfvg2v6qmii7u","previousOperationId":"8j0t76es4ko3qr0"}
{"type":"log","timestamp":1719484334387,"level":"info","message":"Rendering template { name: orders-header, recipe: chrome-pdf, engine: handlebars, preview: true }","meta":{"rootId":"giu8e9sla4ckryw","id":"giu8e9sla4ckryw"},"id":"3z85gyr9kxmqmz3","previousOperationId":"8j0t76es4ko3qr0"}
{"type":"log","timestamp":1719484334387,"level":"debug","message":"Data item not defined for this template.","meta":{"rootId":"giu8e9sla4ckryw","id":"giu8e9sla4ckryw"},"id":"p4qbsofp1gosfi1","previousOperationId":"8j0t76es4ko3qr0"}
{"type":"log","timestamp":1719484334389,"level":"debug","message":"Base url not specified, skipping its injection.","meta":{"rootId":"giu8e9sla4ckryw","id":"giu8e9sla4ckryw"},"id":"ecfw8uk3okk8c6b","previousOperationId":"8j0t76es4ko3qr0"}
{"type":"operationStart","subtype":"engine","name":"handlebars","timestamp":1719484334389,"id":"m0w8m26bo9zhi28","previousEventId":"o7bffe4rgpgy3iz","operationId":"r3qiu87rwabrnik","previousOperationId":"8j0t76es4ko3qr0"}
{"type":"log","timestamp":1719484334389,"level":"debug","message":"Rendering engine handlebars","meta":{"rootId":"giu8e9sla4ckryw","id":"giu8e9sla4ckryw"},"id":"o22n8jev1gyihev","previousOperationId":"r3qiu87rwabrnik"}
{"type":"operationEnd","operationId":"r3qiu87rwabrnik","timestamp":1719484334406,"id":"nge9duxt68l6oup","previousEventId":"m0w8m26bo9zhi28","previousOperationId":"r3qiu87rwabrnik"}
{"type":"operationStart","subtype":"recipe","name":"chrome-pdf","timestamp":1719484334406,"id":"xfwamx29rhbx1wv","previousEventId":"nge9duxt68l6oup","operationId":"5pybs90d6ftirjs","previousOperationId":"r3qiu87rwabrnik"}
{"type":"log","timestamp":1719484334406,"level":"debug","message":"Executing recipe chrome-pdf","meta":{"rootId":"giu8e9sla4ckryw","id":"giu8e9sla4ckryw"},"id":"zo8opdkzjjnahsl","previousOperationId":"5pybs90d6ftirjs"}
{"type":"log","timestamp":1719484335033,"level":"debug","message":"Converting with chrome Chrome/126.0.6478.61 using chrome-pool strategy","meta":{"rootId":"giu8e9sla4ckryw","id":"giu8e9sla4ckryw"},"id":"84vt4sh56wa9gyq","previousOperationId":"5pybs90d6ftirjs"}
{"type":"log","timestamp":1719484335714,"level":"debug","message":"Page request: GET (document) file:///var/folders/80/zy9xv081381fz4dbkcnzjvk80000gn/T/jsreport/autocleanup/8c8bbd80-89a7-4261-8ab8-e200034bfbe0-chrome-pdf.html","meta":{"rootId":"giu8e9sla4ckryw","id":"giu8e9sla4ckryw"},"id":"p995n3k4sdkt9x9","previousOperationId":"5pybs90d6ftirjs"}
{"type":"log","timestamp":1719484335724,"level":"debug","message":"Page request finished: GET (document) 200 file:///var/folders/80/zy9xv081381fz4dbkcnzjvk80000gn/T/jsreport/autocleanup/8c8bbd80-89a7-4261-8ab8-e200034bfbe0-chrome-pdf.html","meta":{"rootId":"giu8e9sla4ckryw","id":"giu8e9sla4ckryw"},"id":"zjxpr6sso8yp9kn","previousOperationId":"5pybs90d6ftirjs"}
{"type":"log","timestamp":1719484335724,"level":"debug","message":"Page request: GET (stylesheet) https://cdnjs.cloudflare.com/ajax/libs/metro/4.1.5/css/metro.min.css","meta":{"rootId":"giu8e9sla4ckryw","id":"giu8e9sla4ckryw"},"id":"6g6ob6nxypyt3jd","previousOperationId":"5pybs90d6ftirjs"}
{"type":"log","timestamp":1719484335889,"level":"debug","message":"Page request finished: GET (stylesheet) 200 https://cdnjs.cloudflare.com/ajax/libs/metro/4.1.5/css/metro.min.css","meta":{"rootId":"giu8e9sla4ckryw","id":"giu8e9sla4ckryw"},"id":"tvc7tbz0pwvp0bj","previousOperationId":"5pybs90d6ftirjs"}
{"type":"log","timestamp":1719484335894,"level":"debug","message":"Running chrome with params {\"printBackground\":true,\"marginTop\":\"1.5cm\",\"marginRight\":\"1.5cm\",\"marginLeft\":\"1.cm\",\"timeout\":59970,\"margin\":{\"top\":\"1.5cm\",\"right\":\"1.5cm\",\"left\":\"1.cm\"}}","meta":{"rootId":"giu8e9sla4ckryw","id":"giu8e9sla4ckryw"},"id":"pqjactikaqo99c6","previousOperationId":"5pybs90d6ftirjs"}
{"type":"operationEnd","operationId":"5pybs90d6ftirjs","timestamp":1719484335995,"id":"lbc8p3tsbzxe9yk","previousEventId":"xfwamx29rhbx1wv","previousOperationId":"5pybs90d6ftirjs"}
{"type":"log","timestamp":1719484335995,"level":"debug","message":"Skipping storing report.","meta":{"rootId":"giu8e9sla4ckryw","id":"giu8e9sla4ckryw"},"id":"maa3ofzw9rz67in","previousOperationId":"5pybs90d6ftirjs"}
{"type":"log","timestamp":1719484335995,"level":"info","message":"Rendering request 3 finished in 1615 ms","meta":{"rootId":"giu8e9sla4ckryw","id":"giu8e9sla4ckryw"},"id":"vfi8dhfozhqaq8d","previousOperationId":"5pybs90d6ftirjs"}
{"type":"operationEnd","subtype":"render","operationId":"8j0t76es4ko3qr0","timestamp":1719484335995,"id":"edyh8jolyq8ja5y","previousEventId":"lbc8p3tsbzxe9yk","previousOperationId":"5pybs90d6ftirjs"}
{"type":"operationEnd","doDiffs":false,"previousEventId":"3mejrdlu19ppywx","previousOperationId":"er8xdaxk3hor9s3","operationId":"er8xdaxk3hor9s3","timestamp":1719484336000,"id":"z8z6kz0d7md3gg9"}
